#
# There is insufficient memory for the Java Runtime Environment to continue.
# Native memory allocation (malloc) failed to allocate 855456 bytes for Chunk::new
# Possible reasons:
#   The system is out of physical RAM or swap space
#   The process is running with CompressedOops enabled, and the Java Heap may be blocking the growth of the native heap
# Possible solutions:
#   Reduce memory load on the system
#   Increase physical memory or swap space
#   Check if swap backing store is full
#   Decrease Java heap size (-Xmx/-Xms)
#   Decrease number of Java threads
#   Decrease Java thread stack sizes (-Xss)
#   Set larger code cache with -XX:ReservedCodeCacheSize=
#   JVM is running with Zero Based Compressed Oops mode in which the Java heap is
#     placed in the first 32GB address space. The Java Heap base address is the
#     maximum limit for the native heap growth. Please use -XX:HeapBaseMinAddress
#     to set the Java Heap base and to place the Java Heap above 32GB virtual address.
# This output file may be truncated or incomplete.
#
#  Out of Memory Error (./src/hotspot/share/memory/arena.cpp:197), pid=13364, tid=15108
#
# JRE version: OpenJDK Runtime Environment (11.0.8+10) (build 11.0.8+10-b944.6842174)
# Java VM: OpenJDK 64-Bit Server VM (11.0.8+10-b944.6842174, mixed mode, tiered, compressed oops, g1 gc, windows-amd64)
# No core dump will be written. Minidumps are not enabled by default on client versions of Windows
#

---------------  S U M M A R Y ------------

Command Line: org.jetbrains.kotlin.cli.jvm.K2JVMCompiler @E:\Android_Project\Folder_JetPack_Test\PDF_Scanner\app\build\20211023_8839805046808384204.compiler.options

Host: Intel(R) Core(TM) i7-2860QM CPU @ 2.50GHz, 8 cores, 11G,  Windows 10 , 64 bit Build 17763 (10.0.17763.1)
Time: Sat Oct 23 16:20:57 2021 SE Asia Standard Time elapsed time: 2 seconds (0d 0h 0m 2s)

---------------  T H R E A D  ---------------

Current thread (0x000002647f886800):  JavaThread "C2 CompilerThread0" daemon [_thread_in_native, id=15108, stack(0x0000007241200000,0x0000007241300000)]


Current CompileTask:
C2:   2314 1965   !   4       jdk.internal.loader.BuiltinClassLoader::loadClassOrNull (143 bytes)

Stack: [0x0000007241200000,0x0000007241300000]
Native frames: (J=compiled Java code, j=interpreted, Vv=VM code, C=native code)
V  [jvm.dll+0x5de50a]
V  [jvm.dll+0x7122f5]
V  [jvm.dll+0x71384d]
V  [jvm.dll+0x713f03]
V  [jvm.dll+0x23e728]
V  [jvm.dll+0xb899c]
V  [jvm.dll+0xb8e9c]
V  [jvm.dll+0x2b20e4]
V  [jvm.dll+0x502098]
V  [jvm.dll+0x1f8efd]
V  [jvm.dll+0x1f685f]
V  [jvm.dll+0x17f32c]
V  [jvm.dll+0x205047]
V  [jvm.dll+0x203891]
V  [jvm.dll+0x6dad3f]
V  [jvm.dll+0x6d3895]
V  [jvm.dll+0x5dd4a6]
C  [ucrtbase.dll+0x203ba]
C  [KERNEL32.DLL+0x17e94]
C  [ntdll.dll+0x67ad1]


---------------  P R O C E S S  ---------------

Threads class SMR info:
_java_thread_list=0x00000264144ee950, length=11, elements={
0x000002647476e000, 0x000002647f867800, 0x000002647f870000, 0x000002647f882000,
0x000002647f883000, 0x000002647f886800, 0x000002647f8ce000, 0x000002647f8d0800,
0x000002647fa3b000, 0x000002647fa4d800, 0x0000026414ddf000
}

Java Threads: ( => current thread )
  0x000002647476e000 JavaThread "main" [_thread_in_vm, id=18252, stack(0x0000007240700000,0x0000007240800000)]
  0x000002647f867800 JavaThread "Reference Handler" daemon [_thread_blocked, id=15476, stack(0x0000007240e00000,0x0000007240f00000)]
  0x000002647f870000 JavaThread "Finalizer" daemon [_thread_blocked, id=2748, stack(0x0000007240f00000,0x0000007241000000)]
  0x000002647f882000 JavaThread "Signal Dispatcher" daemon [_thread_blocked, id=10192, stack(0x0000007241000000,0x0000007241100000)]
  0x000002647f883000 JavaThread "Attach Listener" daemon [_thread_blocked, id=8500, stack(0x0000007241100000,0x0000007241200000)]
=>0x000002647f886800 JavaThread "C2 CompilerThread0" daemon [_thread_in_native, id=15108, stack(0x0000007241200000,0x0000007241300000)]
  0x000002647f8ce000 JavaThread "C1 CompilerThread0" daemon [_thread_blocked, id=8824, stack(0x0000007241300000,0x0000007241400000)]
  0x000002647f8d0800 JavaThread "Sweeper thread" daemon [_thread_blocked, id=18532, stack(0x0000007241400000,0x0000007241500000)]
  0x000002647fa3b000 JavaThread "Service Thread" daemon [_thread_blocked, id=10820, stack(0x0000007241500000,0x0000007241600000)]
  0x000002647fa4d800 JavaThread "Common-Cleaner" daemon [_thread_blocked, id=11176, stack(0x0000007241700000,0x0000007241800000)]
  0x0000026414ddf000 JavaThread "C2 CompilerThread1" daemon [_thread_blocked, id=11088, stack(0x0000007241b00000,0x0000007241c00000)]

Other Threads:
  0x000002647f844800 VMThread "VM Thread" [stack: 0x0000007240d00000,0x0000007240e00000] [id=8704]
  0x000002647fa44000 WatcherThread [stack: 0x0000007241600000,0x0000007241700000] [id=2584]
  0x0000026474786000 GCTaskThread "GC Thread#0" [stack: 0x0000007240800000,0x0000007240900000] [id=9112]
  0x0000026414209000 GCTaskThread "GC Thread#1" [stack: 0x0000007241800000,0x0000007241900000] [id=19068]
  0x00000264143e9000 GCTaskThread "GC Thread#2" [stack: 0x0000007241900000,0x0000007241a00000] [id=13000]
  0x00000264143ea000 GCTaskThread "GC Thread#3" [stack: 0x0000007241a00000,0x0000007241b00000] [id=18780]
  0x00000264747cd800 ConcurrentGCThread "G1 Main Marker" [stack: 0x0000007240900000,0x0000007240a00000] [id=17708]
  0x00000264747cf800 ConcurrentGCThread "G1 Conc#0" [stack: 0x0000007240a00000,0x0000007240b00000] [id=11188]
  0x0000026414d0a000 ConcurrentGCThread "G1 Conc#1" [stack: 0x0000007241c00000,0x0000007241d00000] [id=13728]
  0x000002647eea2000 ConcurrentGCThread "G1 Refine#0" [stack: 0x0000007240b00000,0x0000007240c00000] [id=2124]
  0x000002647eea3000 ConcurrentGCThread "G1 Young RemSet Sampling" [stack: 0x0000007240c00000,0x0000007240d00000] [id=10580]

Threads with active compile tasks:
C2 CompilerThread0   2334 1965   !   4       jdk.internal.loader.BuiltinClassLoader::loadClassOrNull (143 bytes)

VM state:not at safepoint (normal execution)

VM Mutex/Monitor currently owned by a thread: None

Heap address: 0x0000000740c00000, size: 3060 MB, Compressed Oops mode: Zero based, Oop shift amount: 3
Narrow klass base: 0x0000000800000000, Narrow klass shift: 0
Compressed class space size: 1073741824 Address: 0x0000000800000000

Heap:
 garbage-first heap   total 196608K, used 19818K [0x0000000740c00000, 0x0000000800000000)
  region size 1024K, 9 young (9216K), 6 survivors (6144K)
 Metaspace       used 27473K, capacity 27846K, committed 28032K, reserved 1075200K
  class space    used 2958K, capacity 3121K, committed 3200K, reserved 1048576K
Heap Regions: E=young(eden), S=young(survivor), O=old, HS=humongous(starts), HC=humongous(continues), CS=collection set, F=free, A=archive, TAMS=top-at-mark-start (previous, next)
|   0|0x0000000740c00000, 0x0000000740d00000, 0x0000000740d00000|100%|HS|  |TAMS 0x0000000740d00000, 0x0000000740c00000| Complete 
|   1|0x0000000740d00000, 0x0000000740e00000, 0x0000000740e00000|100%|HC|  |TAMS 0x0000000740e00000, 0x0000000740d00000| Complete 
|   2|0x0000000740e00000, 0x0000000740f00000, 0x0000000740f00000|100%|HC|  |TAMS 0x0000000740f00000, 0x0000000740e00000| Complete 
|   3|0x0000000740f00000, 0x0000000741000000, 0x0000000741000000|100%|HS|  |TAMS 0x0000000741000000, 0x0000000740f00000| Complete 
|   4|0x0000000741000000, 0x0000000741100000, 0x0000000741100000|100%|HC|  |TAMS 0x0000000741100000, 0x0000000741000000| Complete 
|   5|0x0000000741100000, 0x0000000741200000, 0x0000000741200000|100%|HC|  |TAMS 0x0000000741200000, 0x0000000741100000| Complete 
|   6|0x0000000741200000, 0x0000000741300000, 0x0000000741300000|100%|HS|  |TAMS 0x0000000741300000, 0x0000000741200000| Complete 
|   7|0x0000000741300000, 0x0000000741400000, 0x0000000741400000|100%|HC|  |TAMS 0x0000000741400000, 0x0000000741300000| Complete 
|   8|0x0000000741400000, 0x0000000741500000, 0x0000000741500000|100%|HC|  |TAMS 0x0000000741500000, 0x0000000741400000| Complete 
|   9|0x0000000741500000, 0x0000000741600000, 0x0000000741600000|100%| O|  |TAMS 0x0000000741600000, 0x0000000741500000| Untracked 
|  10|0x0000000741600000, 0x0000000741700000, 0x0000000741700000|100%| O|  |TAMS 0x0000000741700000, 0x0000000741600000| Untracked 
|  11|0x0000000741700000, 0x00000007417b4600, 0x0000000741800000| 70%| O|  |TAMS 0x00000007417b4600, 0x0000000741700000| Untracked 
|  12|0x0000000741800000, 0x0000000741800000, 0x0000000741900000|  0%| F|  |TAMS 0x0000000741800000, 0x0000000741800000| Untracked 
|  13|0x0000000741900000, 0x0000000741900000, 0x0000000741a00000|  0%| F|  |TAMS 0x0000000741900000, 0x0000000741900000| Untracked 
|  14|0x0000000741a00000, 0x0000000741a00000, 0x0000000741b00000|  0%| F|  |TAMS 0x0000000741a00000, 0x0000000741a00000| Untracked 
|  15|0x0000000741b00000, 0x0000000741b00000, 0x0000000741c00000|  0%| F|  |TAMS 0x0000000741b00000, 0x0000000741b00000| Untracked 
|  16|0x0000000741c00000, 0x0000000741c00000, 0x0000000741d00000|  0%| F|  |TAMS 0x0000000741c00000, 0x0000000741c00000| Untracked 
|  17|0x0000000741d00000, 0x0000000741d00000, 0x0000000741e00000|  0%| F|  |TAMS 0x0000000741d00000, 0x0000000741d00000| Untracked 
|  18|0x0000000741e00000, 0x0000000741e00000, 0x0000000741f00000|  0%| F|  |TAMS 0x0000000741e00000, 0x0000000741e00000| Untracked 
|  19|0x0000000741f00000, 0x0000000741f00000, 0x0000000742000000|  0%| F|  |TAMS 0x0000000741f00000, 0x0000000741f00000| Untracked 
|  20|0x0000000742000000, 0x0000000742000000, 0x0000000742100000|  0%| F|  |TAMS 0x0000000742000000, 0x0000000742000000| Untracked 
|  21|0x0000000742100000, 0x0000000742100000, 0x0000000742200000|  0%| F|  |TAMS 0x0000000742100000, 0x0000000742100000| Untracked 
|  22|0x0000000742200000, 0x0000000742200000, 0x0000000742300000|  0%| F|  |TAMS 0x0000000742200000, 0x0000000742200000| Untracked 
|  23|0x0000000742300000, 0x0000000742300000, 0x0000000742400000|  0%| F|  |TAMS 0x0000000742300000, 0x0000000742300000| Untracked 
|  24|0x0000000742400000, 0x0000000742400000, 0x0000000742500000|  0%| F|  |TAMS 0x0000000742400000, 0x0000000742400000| Untracked 
|  25|0x0000000742500000, 0x0000000742500000, 0x0000000742600000|  0%| F|  |TAMS 0x0000000742500000, 0x0000000742500000| Untracked 
|  26|0x0000000742600000, 0x0000000742600000, 0x0000000742700000|  0%| F|  |TAMS 0x0000000742600000, 0x0000000742600000| Untracked 
|  27|0x0000000742700000, 0x0000000742700000, 0x0000000742800000|  0%| F|  |TAMS 0x0000000742700000, 0x0000000742700000| Untracked 
|  28|0x0000000742800000, 0x0000000742800000, 0x0000000742900000|  0%| F|  |TAMS 0x0000000742800000, 0x0000000742800000| Untracked 
|  29|0x0000000742900000, 0x0000000742900000, 0x0000000742a00000|  0%| F|  |TAMS 0x0000000742900000, 0x0000000742900000| Untracked 
|  30|0x0000000742a00000, 0x0000000742a00000, 0x0000000742b00000|  0%| F|  |TAMS 0x0000000742a00000, 0x0000000742a00000| Untracked 
|  31|0x0000000742b00000, 0x0000000742b00000, 0x0000000742c00000|  0%| F|  |TAMS 0x0000000742b00000, 0x0000000742b00000| Untracked 
|  32|0x0000000742c00000, 0x0000000742c00000, 0x0000000742d00000|  0%| F|  |TAMS 0x0000000742c00000, 0x0000000742c00000| Untracked 
|  33|0x0000000742d00000, 0x0000000742d00000, 0x0000000742e00000|  0%| F|  |TAMS 0x0000000742d00000, 0x0000000742d00000| Untracked 
|  34|0x0000000742e00000, 0x0000000742e00000, 0x0000000742f00000|  0%| F|  |TAMS 0x0000000742e00000, 0x0000000742e00000| Untracked 
|  35|0x0000000742f00000, 0x0000000742f00000, 0x0000000743000000|  0%| F|  |TAMS 0x0000000742f00000, 0x0000000742f00000| Untracked 
|  36|0x0000000743000000, 0x0000000743000000, 0x0000000743100000|  0%| F|  |TAMS 0x0000000743000000, 0x0000000743000000| Untracked 
|  37|0x0000000743100000, 0x0000000743100000, 0x0000000743200000|  0%| F|  |TAMS 0x0000000743100000, 0x0000000743100000| Untracked 
|  38|0x0000000743200000, 0x0000000743200000, 0x0000000743300000|  0%| F|  |TAMS 0x0000000743200000, 0x0000000743200000| Untracked 
|  39|0x0000000743300000, 0x0000000743300000, 0x0000000743400000|  0%| F|  |TAMS 0x0000000743300000, 0x0000000743300000| Untracked 
|  40|0x0000000743400000, 0x0000000743400000, 0x0000000743500000|  0%| F|  |TAMS 0x0000000743400000, 0x0000000743400000| Untracked 
|  41|0x0000000743500000, 0x0000000743500000, 0x0000000743600000|  0%| F|  |TAMS 0x0000000743500000, 0x0000000743500000| Untracked 
|  42|0x0000000743600000, 0x0000000743600000, 0x0000000743700000|  0%| F|  |TAMS 0x0000000743600000, 0x0000000743600000| Untracked 
|  43|0x0000000743700000, 0x0000000743700000, 0x0000000743800000|  0%| F|  |TAMS 0x0000000743700000, 0x0000000743700000| Untracked 
|  44|0x0000000743800000, 0x0000000743800000, 0x0000000743900000|  0%| F|  |TAMS 0x0000000743800000, 0x0000000743800000| Untracked 
|  45|0x0000000743900000, 0x0000000743900000, 0x0000000743a00000|  0%| F|  |TAMS 0x0000000743900000, 0x0000000743900000| Untracked 
|  46|0x0000000743a00000, 0x0000000743a00000, 0x0000000743b00000|  0%| F|  |TAMS 0x0000000743a00000, 0x0000000743a00000| Untracked 
|  47|0x0000000743b00000, 0x0000000743b00000, 0x0000000743c00000|  0%| F|  |TAMS 0x0000000743b00000, 0x0000000743b00000| Untracked 
|  48|0x0000000743c00000, 0x0000000743c00000, 0x0000000743d00000|  0%| F|  |TAMS 0x0000000743c00000, 0x0000000743c00000| Untracked 
|  49|0x0000000743d00000, 0x0000000743d00000, 0x0000000743e00000|  0%| F|  |TAMS 0x0000000743d00000, 0x0000000743d00000| Untracked 
|  50|0x0000000743e00000, 0x0000000743e00000, 0x0000000743f00000|  0%| F|  |TAMS 0x0000000743e00000, 0x0000000743e00000| Untracked 
|  51|0x0000000743f00000, 0x0000000743f00000, 0x0000000744000000|  0%| F|  |TAMS 0x0000000743f00000, 0x0000000743f00000| Untracked 
|  52|0x0000000744000000, 0x0000000744000000, 0x0000000744100000|  0%| F|  |TAMS 0x0000000744000000, 0x0000000744000000| Untracked 
|  53|0x0000000744100000, 0x0000000744100000, 0x0000000744200000|  0%| F|  |TAMS 0x0000000744100000, 0x0000000744100000| Untracked 
|  54|0x0000000744200000, 0x0000000744200000, 0x0000000744300000|  0%| F|  |TAMS 0x0000000744200000, 0x0000000744200000| Untracked 
|  55|0x0000000744300000, 0x0000000744300000, 0x0000000744400000|  0%| F|  |TAMS 0x0000000744300000, 0x0000000744300000| Untracked 
|  56|0x0000000744400000, 0x0000000744400000, 0x0000000744500000|  0%| F|  |TAMS 0x0000000744400000, 0x0000000744400000| Untracked 
|  57|0x0000000744500000, 0x0000000744500000, 0x0000000744600000|  0%| F|  |TAMS 0x0000000744500000, 0x0000000744500000| Untracked 
|  58|0x0000000744600000, 0x0000000744600000, 0x0000000744700000|  0%| F|  |TAMS 0x0000000744600000, 0x0000000744600000| Untracked 
|  59|0x0000000744700000, 0x0000000744700000, 0x0000000744800000|  0%| F|  |TAMS 0x0000000744700000, 0x0000000744700000| Untracked 
|  60|0x0000000744800000, 0x0000000744800000, 0x0000000744900000|  0%| F|  |TAMS 0x0000000744800000, 0x0000000744800000| Untracked 
|  61|0x0000000744900000, 0x0000000744900000, 0x0000000744a00000|  0%| F|  |TAMS 0x0000000744900000, 0x0000000744900000| Untracked 
|  62|0x0000000744a00000, 0x0000000744a00000, 0x0000000744b00000|  0%| F|  |TAMS 0x0000000744a00000, 0x0000000744a00000| Untracked 
|  63|0x0000000744b00000, 0x0000000744b00000, 0x0000000744c00000|  0%| F|  |TAMS 0x0000000744b00000, 0x0000000744b00000| Untracked 
|  64|0x0000000744c00000, 0x0000000744c00000, 0x0000000744d00000|  0%| F|  |TAMS 0x0000000744c00000, 0x0000000744c00000| Untracked 
|  65|0x0000000744d00000, 0x0000000744d00000, 0x0000000744e00000|  0%| F|  |TAMS 0x0000000744d00000, 0x0000000744d00000| Untracked 
|  66|0x0000000744e00000, 0x0000000744e00000, 0x0000000744f00000|  0%| F|  |TAMS 0x0000000744e00000, 0x0000000744e00000| Untracked 
|  67|0x0000000744f00000, 0x0000000744f00000, 0x0000000745000000|  0%| F|  |TAMS 0x0000000744f00000, 0x0000000744f00000| Untracked 
|  68|0x0000000745000000, 0x0000000745000000, 0x0000000745100000|  0%| F|  |TAMS 0x0000000745000000, 0x0000000745000000| Untracked 
|  69|0x0000000745100000, 0x0000000745100000, 0x0000000745200000|  0%| F|  |TAMS 0x0000000745100000, 0x0000000745100000| Untracked 
|  70|0x0000000745200000, 0x0000000745200000, 0x0000000745300000|  0%| F|  |TAMS 0x0000000745200000, 0x0000000745200000| Untracked 
|  71|0x0000000745300000, 0x0000000745300000, 0x0000000745400000|  0%| F|  |TAMS 0x0000000745300000, 0x0000000745300000| Untracked 
|  72|0x0000000745400000, 0x0000000745400000, 0x0000000745500000|  0%| F|  |TAMS 0x0000000745400000, 0x0000000745400000| Untracked 
|  73|0x0000000745500000, 0x0000000745500000, 0x0000000745600000|  0%| F|  |TAMS 0x0000000745500000, 0x0000000745500000| Untracked 
|  74|0x0000000745600000, 0x0000000745600000, 0x0000000745700000|  0%| F|  |TAMS 0x0000000745600000, 0x0000000745600000| Untracked 
|  75|0x0000000745700000, 0x0000000745700000, 0x0000000745800000|  0%| F|  |TAMS 0x0000000745700000, 0x0000000745700000| Untracked 
|  76|0x0000000745800000, 0x0000000745800000, 0x0000000745900000|  0%| F|  |TAMS 0x0000000745800000, 0x0000000745800000| Untracked 
|  77|0x0000000745900000, 0x0000000745900000, 0x0000000745a00000|  0%| F|  |TAMS 0x0000000745900000, 0x0000000745900000| Untracked 
|  78|0x0000000745a00000, 0x0000000745a00000, 0x0000000745b00000|  0%| F|  |TAMS 0x0000000745a00000, 0x0000000745a00000| Untracked 
|  79|0x0000000745b00000, 0x0000000745b00000, 0x0000000745c00000|  0%| F|  |TAMS 0x0000000745b00000, 0x0000000745b00000| Untracked 
|  80|0x0000000745c00000, 0x0000000745c00000, 0x0000000745d00000|  0%| F|  |TAMS 0x0000000745c00000, 0x0000000745c00000| Untracked 
|  81|0x0000000745d00000, 0x0000000745d00000, 0x0000000745e00000|  0%| F|  |TAMS 0x0000000745d00000, 0x0000000745d00000| Untracked 
|  82|0x0000000745e00000, 0x0000000745e00000, 0x0000000745f00000|  0%| F|  |TAMS 0x0000000745e00000, 0x0000000745e00000| Untracked 
|  83|0x0000000745f00000, 0x0000000745f00000, 0x0000000746000000|  0%| F|  |TAMS 0x0000000745f00000, 0x0000000745f00000| Untracked 
|  84|0x0000000746000000, 0x0000000746000000, 0x0000000746100000|  0%| F|  |TAMS 0x0000000746000000, 0x0000000746000000| Untracked 
|  85|0x0000000746100000, 0x0000000746100000, 0x0000000746200000|  0%| F|  |TAMS 0x0000000746100000, 0x0000000746100000| Untracked 
|  86|0x0000000746200000, 0x0000000746200000, 0x0000000746300000|  0%| F|  |TAMS 0x0000000746200000, 0x0000000746200000| Untracked 
|  87|0x0000000746300000, 0x0000000746300000, 0x0000000746400000|  0%| F|  |TAMS 0x0000000746300000, 0x0000000746300000| Untracked 
|  88|0x0000000746400000, 0x0000000746400000, 0x0000000746500000|  0%| F|  |TAMS 0x0000000746400000, 0x0000000746400000| Untracked 
|  89|0x0000000746500000, 0x0000000746500000, 0x0000000746600000|  0%| F|  |TAMS 0x0000000746500000, 0x0000000746500000| Untracked 
|  90|0x0000000746600000, 0x0000000746600000, 0x0000000746700000|  0%| F|  |TAMS 0x0000000746600000, 0x0000000746600000| Untracked 
|  91|0x0000000746700000, 0x0000000746700000, 0x0000000746800000|  0%| F|  |TAMS 0x0000000746700000, 0x0000000746700000| Untracked 
|  92|0x0000000746800000, 0x0000000746800000, 0x0000000746900000|  0%| F|  |TAMS 0x0000000746800000, 0x0000000746800000| Untracked 
|  93|0x0000000746900000, 0x0000000746900000, 0x0000000746a00000|  0%| F|  |TAMS 0x0000000746900000, 0x0000000746900000| Untracked 
|  94|0x0000000746a00000, 0x0000000746a00000, 0x0000000746b00000|  0%| F|  |TAMS 0x0000000746a00000, 0x0000000746a00000| Untracked 
|  95|0x0000000746b00000, 0x0000000746b00000, 0x0000000746c00000|  0%| F|  |TAMS 0x0000000746b00000, 0x0000000746b00000| Untracked 
|  96|0x0000000746c00000, 0x0000000746c00000, 0x0000000746d00000|  0%| F|  |TAMS 0x0000000746c00000, 0x0000000746c00000| Untracked 
|  97|0x0000000746d00000, 0x0000000746d00000, 0x0000000746e00000|  0%| F|  |TAMS 0x0000000746d00000, 0x0000000746d00000| Untracked 
|  98|0x0000000746e00000, 0x0000000746e00000, 0x0000000746f00000|  0%| F|  |TAMS 0x0000000746e00000, 0x0000000746e00000| Untracked 
|  99|0x0000000746f00000, 0x0000000746f00000, 0x0000000747000000|  0%| F|  |TAMS 0x0000000746f00000, 0x0000000746f00000| Untracked 
| 100|0x0000000747000000, 0x0000000747000000, 0x0000000747100000|  0%| F|  |TAMS 0x0000000747000000, 0x0000000747000000| Untracked 
| 101|0x0000000747100000, 0x0000000747100000, 0x0000000747200000|  0%| F|  |TAMS 0x0000000747100000, 0x0000000747100000| Untracked 
| 102|0x0000000747200000, 0x0000000747200000, 0x0000000747300000|  0%| F|  |TAMS 0x0000000747200000, 0x0000000747200000| Untracked 
| 103|0x0000000747300000, 0x0000000747300000, 0x0000000747400000|  0%| F|  |TAMS 0x0000000747300000, 0x0000000747300000| Untracked 
| 104|0x0000000747400000, 0x0000000747400000, 0x0000000747500000|  0%| F|  |TAMS 0x0000000747400000, 0x0000000747400000| Untracked 
| 105|0x0000000747500000, 0x0000000747500000, 0x0000000747600000|  0%| F|  |TAMS 0x0000000747500000, 0x0000000747500000| Untracked 
| 106|0x0000000747600000, 0x0000000747600000, 0x0000000747700000|  0%| F|  |TAMS 0x0000000747600000, 0x0000000747600000| Untracked 
| 107|0x0000000747700000, 0x0000000747700000, 0x0000000747800000|  0%| F|  |TAMS 0x0000000747700000, 0x0000000747700000| Untracked 
| 108|0x0000000747800000, 0x0000000747800000, 0x0000000747900000|  0%| F|  |TAMS 0x0000000747800000, 0x0000000747800000| Untracked 
| 109|0x0000000747900000, 0x0000000747900000, 0x0000000747a00000|  0%| F|  |TAMS 0x0000000747900000, 0x0000000747900000| Untracked 
| 110|0x0000000747a00000, 0x0000000747a00000, 0x0000000747b00000|  0%| F|  |TAMS 0x0000000747a00000, 0x0000000747a00000| Untracked 
| 111|0x0000000747b00000, 0x0000000747b00000, 0x0000000747c00000|  0%| F|  |TAMS 0x0000000747b00000, 0x0000000747b00000| Untracked 
| 112|0x0000000747c00000, 0x0000000747c00000, 0x0000000747d00000|  0%| F|  |TAMS 0x0000000747c00000, 0x0000000747c00000| Untracked 
| 113|0x0000000747d00000, 0x0000000747d00000, 0x0000000747e00000|  0%| F|  |TAMS 0x0000000747d00000, 0x0000000747d00000| Untracked 
| 114|0x0000000747e00000, 0x0000000747e00000, 0x0000000747f00000|  0%| F|  |TAMS 0x0000000747e00000, 0x0000000747e00000| Untracked 
| 115|0x0000000747f00000, 0x0000000747f00000, 0x0000000748000000|  0%| F|  |TAMS 0x0000000747f00000, 0x0000000747f00000| Untracked 
| 116|0x0000000748000000, 0x0000000748000000, 0x0000000748100000|  0%| F|  |TAMS 0x0000000748000000, 0x0000000748000000| Untracked 
| 117|0x0000000748100000, 0x0000000748100000, 0x0000000748200000|  0%| F|  |TAMS 0x0000000748100000, 0x0000000748100000| Untracked 
| 118|0x0000000748200000, 0x0000000748200000, 0x0000000748300000|  0%| F|  |TAMS 0x0000000748200000, 0x0000000748200000| Untracked 
| 119|0x0000000748300000, 0x0000000748300000, 0x0000000748400000|  0%| F|  |TAMS 0x0000000748300000, 0x0000000748300000| Untracked 
| 120|0x0000000748400000, 0x0000000748400000, 0x0000000748500000|  0%| F|  |TAMS 0x0000000748400000, 0x0000000748400000| Untracked 
| 121|0x0000000748500000, 0x0000000748500000, 0x0000000748600000|  0%| F|  |TAMS 0x0000000748500000, 0x0000000748500000| Untracked 
| 122|0x0000000748600000, 0x0000000748600000, 0x0000000748700000|  0%| F|  |TAMS 0x0000000748600000, 0x0000000748600000| Untracked 
| 123|0x0000000748700000, 0x0000000748700000, 0x0000000748800000|  0%| F|  |TAMS 0x0000000748700000, 0x0000000748700000| Untracked 
| 124|0x0000000748800000, 0x0000000748800000, 0x0000000748900000|  0%| F|  |TAMS 0x0000000748800000, 0x0000000748800000| Untracked 
| 125|0x0000000748900000, 0x0000000748900000, 0x0000000748a00000|  0%| F|  |TAMS 0x0000000748900000, 0x0000000748900000| Untracked 
| 126|0x0000000748a00000, 0x0000000748a00000, 0x0000000748b00000|  0%| F|  |TAMS 0x0000000748a00000, 0x0000000748a00000| Untracked 
| 127|0x0000000748b00000, 0x0000000748b00000, 0x0000000748c00000|  0%| F|  |TAMS 0x0000000748b00000, 0x0000000748b00000| Untracked 
| 128|0x0000000748c00000, 0x0000000748c00000, 0x0000000748d00000|  0%| F|  |TAMS 0x0000000748c00000, 0x0000000748c00000| Untracked 
| 129|0x0000000748d00000, 0x0000000748d00000, 0x0000000748e00000|  0%| F|  |TAMS 0x0000000748d00000, 0x0000000748d00000| Untracked 
| 130|0x0000000748e00000, 0x0000000748e00000, 0x0000000748f00000|  0%| F|  |TAMS 0x0000000748e00000, 0x0000000748e00000| Untracked 
| 131|0x0000000748f00000, 0x0000000748f00000, 0x0000000749000000|  0%| F|  |TAMS 0x0000000748f00000, 0x0000000748f00000| Untracked 
| 132|0x0000000749000000, 0x0000000749000000, 0x0000000749100000|  0%| F|  |TAMS 0x0000000749000000, 0x0000000749000000| Untracked 
| 133|0x0000000749100000, 0x0000000749100000, 0x0000000749200000|  0%| F|  |TAMS 0x0000000749100000, 0x0000000749100000| Untracked 
| 134|0x0000000749200000, 0x0000000749200000, 0x0000000749300000|  0%| F|  |TAMS 0x0000000749200000, 0x0000000749200000| Untracked 
| 135|0x0000000749300000, 0x0000000749300000, 0x0000000749400000|  0%| F|  |TAMS 0x0000000749300000, 0x0000000749300000| Untracked 
| 136|0x0000000749400000, 0x0000000749400000, 0x0000000749500000|  0%| F|  |TAMS 0x0000000749400000, 0x0000000749400000| Untracked 
| 137|0x0000000749500000, 0x0000000749500000, 0x0000000749600000|  0%| F|  |TAMS 0x0000000749500000, 0x0000000749500000| Untracked 
| 138|0x0000000749600000, 0x0000000749600000, 0x0000000749700000|  0%| F|  |TAMS 0x0000000749600000, 0x0000000749600000| Untracked 
| 139|0x0000000749700000, 0x0000000749700000, 0x0000000749800000|  0%| F|  |TAMS 0x0000000749700000, 0x0000000749700000| Untracked 
| 140|0x0000000749800000, 0x0000000749800000, 0x0000000749900000|  0%| F|  |TAMS 0x0000000749800000, 0x0000000749800000| Untracked 
| 141|0x0000000749900000, 0x0000000749900000, 0x0000000749a00000|  0%| F|  |TAMS 0x0000000749900000, 0x0000000749900000| Untracked 
| 142|0x0000000749a00000, 0x0000000749a00000, 0x0000000749b00000|  0%| F|  |TAMS 0x0000000749a00000, 0x0000000749a00000| Untracked 
| 143|0x0000000749b00000, 0x0000000749b00000, 0x0000000749c00000|  0%| F|  |TAMS 0x0000000749b00000, 0x0000000749b00000| Untracked 
| 144|0x0000000749c00000, 0x0000000749c00000, 0x0000000749d00000|  0%| F|  |TAMS 0x0000000749c00000, 0x0000000749c00000| Untracked 
| 145|0x0000000749d00000, 0x0000000749d00000, 0x0000000749e00000|  0%| F|  |TAMS 0x0000000749d00000, 0x0000000749d00000| Untracked 
| 146|0x0000000749e00000, 0x0000000749e00000, 0x0000000749f00000|  0%| F|  |TAMS 0x0000000749e00000, 0x0000000749e00000| Untracked 
| 147|0x0000000749f00000, 0x0000000749f00000, 0x000000074a000000|  0%| F|  |TAMS 0x0000000749f00000, 0x0000000749f00000| Untracked 
| 148|0x000000074a000000, 0x000000074a000000, 0x000000074a100000|  0%| F|  |TAMS 0x000000074a000000, 0x000000074a000000| Untracked 
| 149|0x000000074a100000, 0x000000074a100000, 0x000000074a200000|  0%| F|  |TAMS 0x000000074a100000, 0x000000074a100000| Untracked 
| 150|0x000000074a200000, 0x000000074a200000, 0x000000074a300000|  0%| F|  |TAMS 0x000000074a200000, 0x000000074a200000| Untracked 
| 151|0x000000074a300000, 0x000000074a300000, 0x000000074a400000|  0%| F|  |TAMS 0x000000074a300000, 0x000000074a300000| Untracked 
| 152|0x000000074a400000, 0x000000074a400000, 0x000000074a500000|  0%| F|  |TAMS 0x000000074a400000, 0x000000074a400000| Untracked 
| 153|0x000000074a500000, 0x000000074a500000, 0x000000074a600000|  0%| F|  |TAMS 0x000000074a500000, 0x000000074a500000| Untracked 
| 154|0x000000074a600000, 0x000000074a600000, 0x000000074a700000|  0%| F|  |TAMS 0x000000074a600000, 0x000000074a600000| Untracked 
| 155|0x000000074a700000, 0x000000074a700000, 0x000000074a800000|  0%| F|  |TAMS 0x000000074a700000, 0x000000074a700000| Untracked 
| 156|0x000000074a800000, 0x000000074a800000, 0x000000074a900000|  0%| F|  |TAMS 0x000000074a800000, 0x000000074a800000| Untracked 
| 157|0x000000074a900000, 0x000000074a900000, 0x000000074aa00000|  0%| F|  |TAMS 0x000000074a900000, 0x000000074a900000| Untracked 
| 158|0x000000074aa00000, 0x000000074aa00000, 0x000000074ab00000|  0%| F|  |TAMS 0x000000074aa00000, 0x000000074aa00000| Untracked 
| 159|0x000000074ab00000, 0x000000074ab00000, 0x000000074ac00000|  0%| F|  |TAMS 0x000000074ab00000, 0x000000074ab00000| Untracked 
| 160|0x000000074ac00000, 0x000000074ac00000, 0x000000074ad00000|  0%| F|  |TAMS 0x000000074ac00000, 0x000000074ac00000| Untracked 
| 161|0x000000074ad00000, 0x000000074ad00000, 0x000000074ae00000|  0%| F|  |TAMS 0x000000074ad00000, 0x000000074ad00000| Untracked 
| 162|0x000000074ae00000, 0x000000074aea6248, 0x000000074af00000| 64%| S|CS|TAMS 0x000000074ae00000, 0x000000074ae00000| Complete 
| 163|0x000000074af00000, 0x000000074b000000, 0x000000074b000000|100%| S|CS|TAMS 0x000000074af00000, 0x000000074af00000| Complete 
| 164|0x000000074b000000, 0x000000074b100000, 0x000000074b100000|100%| S|CS|TAMS 0x000000074b000000, 0x000000074b000000| Complete 
| 165|0x000000074b100000, 0x000000074b200000, 0x000000074b200000|100%| S|CS|TAMS 0x000000074b100000, 0x000000074b100000| Complete 
| 166|0x000000074b200000, 0x000000074b300000, 0x000000074b300000|100%| S|CS|TAMS 0x000000074b200000, 0x000000074b200000| Complete 
| 167|0x000000074b300000, 0x000000074b400000, 0x000000074b400000|100%| S|CS|TAMS 0x000000074b300000, 0x000000074b300000| Complete 
| 168|0x000000074b400000, 0x000000074b400000, 0x000000074b500000|  0%| F|  |TAMS 0x000000074b400000, 0x000000074b400000| Untracked 
| 169|0x000000074b500000, 0x000000074b500000, 0x000000074b600000|  0%| F|  |TAMS 0x000000074b500000, 0x000000074b500000| Untracked 
| 170|0x000000074b600000, 0x000000074b600000, 0x000000074b700000|  0%| F|  |TAMS 0x000000074b600000, 0x000000074b600000| Untracked 
| 171|0x000000074b700000, 0x000000074b700000, 0x000000074b800000|  0%| F|  |TAMS 0x000000074b700000, 0x000000074b700000| Untracked 
| 172|0x000000074b800000, 0x000000074b800000, 0x000000074b900000|  0%| F|  |TAMS 0x000000074b800000, 0x000000074b800000| Untracked 
| 173|0x000000074b900000, 0x000000074b900000, 0x000000074ba00000|  0%| F|  |TAMS 0x000000074b900000, 0x000000074b900000| Untracked 
| 174|0x000000074ba00000, 0x000000074ba00000, 0x000000074bb00000|  0%| F|  |TAMS 0x000000074ba00000, 0x000000074ba00000| Untracked 
| 175|0x000000074bb00000, 0x000000074bb00000, 0x000000074bc00000|  0%| F|  |TAMS 0x000000074bb00000, 0x000000074bb00000| Untracked 
| 176|0x000000074bc00000, 0x000000074bc00000, 0x000000074bd00000|  0%| F|  |TAMS 0x000000074bc00000, 0x000000074bc00000| Untracked 
| 177|0x000000074bd00000, 0x000000074bd00000, 0x000000074be00000|  0%| F|  |TAMS 0x000000074bd00000, 0x000000074bd00000| Untracked 
| 178|0x000000074be00000, 0x000000074be00000, 0x000000074bf00000|  0%| F|  |TAMS 0x000000074be00000, 0x000000074be00000| Untracked 
| 179|0x000000074bf00000, 0x000000074bf00000, 0x000000074c000000|  0%| F|  |TAMS 0x000000074bf00000, 0x000000074bf00000| Untracked 
| 180|0x000000074c000000, 0x000000074c000000, 0x000000074c100000|  0%| F|  |TAMS 0x000000074c000000, 0x000000074c000000| Untracked 
| 181|0x000000074c100000, 0x000000074c100000, 0x000000074c200000|  0%| F|  |TAMS 0x000000074c100000, 0x000000074c100000| Untracked 
| 182|0x000000074c200000, 0x000000074c200000, 0x000000074c300000|  0%| F|  |TAMS 0x000000074c200000, 0x000000074c200000| Untracked 
| 183|0x000000074c300000, 0x000000074c300000, 0x000000074c400000|  0%| F|  |TAMS 0x000000074c300000, 0x000000074c300000| Untracked 
| 184|0x000000074c400000, 0x000000074c400000, 0x000000074c500000|  0%| F|  |TAMS 0x000000074c400000, 0x000000074c400000| Untracked 
| 185|0x000000074c500000, 0x000000074c500000, 0x000000074c600000|  0%| F|  |TAMS 0x000000074c500000, 0x000000074c500000| Untracked 
| 186|0x000000074c600000, 0x000000074c600000, 0x000000074c700000|  0%| F|  |TAMS 0x000000074c600000, 0x000000074c600000| Untracked 
| 187|0x000000074c700000, 0x000000074c700000, 0x000000074c800000|  0%| F|  |TAMS 0x000000074c700000, 0x000000074c700000| Untracked 
| 188|0x000000074c800000, 0x000000074c800000, 0x000000074c900000|  0%| F|  |TAMS 0x000000074c800000, 0x000000074c800000| Untracked 
| 189|0x000000074c900000, 0x000000074c980800, 0x000000074ca00000| 50%| E|  |TAMS 0x000000074c900000, 0x000000074c900000| Complete 
| 190|0x000000074ca00000, 0x000000074cb00000, 0x000000074cb00000|100%| E|CS|TAMS 0x000000074ca00000, 0x000000074ca00000| Complete 
| 191|0x000000074cb00000, 0x000000074cc00000, 0x000000074cc00000|100%| E|CS|TAMS 0x000000074cb00000, 0x000000074cb00000| Complete 

Card table byte_map: [0x000002647a910000,0x000002647af10000] _byte_map_base: 0x0000026476f0a000

Marking Bits (Prev, Next): (CMBitMap*) 0x00000264747c08a8, (CMBitMap*) 0x00000264747c08e0
 Prev Bits: [0x000002647b510000, 0x000002647e4e0000)
 Next Bits: [0x000002640f000000, 0x0000026411fd0000)

Polling page: 0x00000264745c0000

Metaspace:

Usage:
  Non-class:     24.22 MB capacity,    24.01 MB (>99%) used,   170.76 KB ( <1%) free+waste,    42.31 KB ( <1%) overhead. 
      Class:      3.08 MB capacity,     2.91 MB ( 94%) used,   159.27 KB (  5%) free+waste,    19.31 KB ( <1%) overhead. 
       Both:     27.30 MB capacity,    26.92 MB ( 99%) used,   330.02 KB (  1%) free+waste,    61.63 KB ( <1%) overhead. 

Virtual space:
  Non-class space:       26.00 MB reserved,      24.25 MB ( 93%) committed 
      Class space:        1.00 GB reserved,       3.13 MB ( <1%) committed 
             Both:        1.03 GB reserved,      27.38 MB (  3%) committed 

Chunk freelists:
   Non-Class:  35.00 KB
       Class:  11.00 KB
        Both:  46.00 KB

MaxMetaspaceSize: 17179869184.00 GB
CompressedClassSpaceSize: 1.00 GB

CodeHeap 'non-profiled nmethods': size=120000Kb used=674Kb max_used=674Kb free=119325Kb
 bounds [0x0000026407ad0000, 0x0000026407d40000, 0x000002640f000000]
CodeHeap 'profiled nmethods': size=120000Kb used=3911Kb max_used=3911Kb free=116088Kb
 bounds [0x00000264005a0000, 0x0000026400980000, 0x0000026407ad0000]
CodeHeap 'non-nmethods': size=5760Kb used=1166Kb max_used=1178Kb free=4593Kb
 bounds [0x0000026400000000, 0x0000026400270000, 0x00000264005a0000]
 total_blobs=2510 nmethods=2009 adapters=412
 compilation: enabled
              stopped_count=0, restarted_count=0
 full_count=0

Compilation events (20 events):
Event: 2.240 Thread 0x000002647f8ce000 1981       3       jdk.internal.misc.Unsafe::weakCompareAndSetInt (11 bytes)
Event: 2.240 Thread 0x000002647f8ce000 nmethod 1981 0x0000026400969510 code [0x00000264009696c0, 0x00000264009697d8]
Event: 2.252 Thread 0x000002647f8ce000 1987       1       java.lang.invoke.MethodHandleNatives::isPullModeBSM (2 bytes)
Event: 2.252 Thread 0x000002647f8ce000 nmethod 1987 0x0000026407b75310 code [0x0000026407b754c0, 0x0000026407b75558]
Event: 2.252 Thread 0x000002647f8ce000 1988       3       java.lang.invoke.ConstantCallSite::getTarget (20 bytes)
Event: 2.252 Thread 0x000002647f8ce000 nmethod 1988 0x0000026400969890 code [0x0000026400969a60, 0x0000026400969c88]
Event: 2.257 Thread 0x000002647f8ce000 1989       3       jdk.internal.org.objectweb.asm.MethodWriter::visitTypeInsn (120 bytes)
Event: 2.257 Thread 0x000002647f8ce000 nmethod 1989 0x0000026400969d90 code [0x0000026400969f80, 0x000002640096a348]
Event: 2.282 Thread 0x000002647f8ce000 1991   !   3       java.lang.ref.ReferenceQueue::enqueue (119 bytes)
Event: 2.283 Thread 0x000002647f8ce000 nmethod 1991 0x000002640096a510 code [0x000002640096a700, 0x000002640096aec8]
Event: 2.295 Thread 0x000002647f8ce000 1993       1       org.jetbrains.kotlin.cli.jvm.config.JvmClasspathRoot::getFile (5 bytes)
Event: 2.295 Thread 0x000002647f8ce000 nmethod 1993 0x0000026407b75e90 code [0x0000026407b76040, 0x0000026407b760f8]
Event: 2.295 Thread 0x000002647f8ce000 1994       3       java.lang.ref.ReferenceQueue::reallyPoll (65 bytes)
Event: 2.296 Thread 0x000002647f8ce000 nmethod 1994 0x000002640096b090 code [0x000002640096b280, 0x000002640096b7b8]
Event: 2.298 Thread 0x0000026414ddf000 1995       4       java.lang.Integer::stringSize (47 bytes)
Event: 2.301 Thread 0x0000026414ddf000 nmethod 1995 0x0000026407b76590 code [0x0000026407b76720, 0x0000026407b767d8]
Event: 2.302 Thread 0x000002647f8ce000 1997       3       java.lang.AbstractStringBuilder::append (55 bytes)
Event: 2.302 Thread 0x000002647f8ce000 nmethod 1997 0x000002640096b890 code [0x000002640096ba80, 0x000002640096bdb8]
Event: 2.303 Thread 0x0000026414ddf000 1998       4       java.lang.String::concat (115 bytes)
Event: 2.309 Thread 0x0000026414ddf000 nmethod 1998 0x0000026407b76890 code [0x0000026407b76a40, 0x0000026407b76f18]

GC Heap History (6 events):
Event: 0.782 GC heap before
{Heap before GC invocations=0 (full 0):
 garbage-first heap   total 196608K, used 27648K [0x0000000740c00000, 0x0000000800000000)
  region size 1024K, 24 young (24576K), 0 survivors (0K)
 Metaspace       used 12288K, capacity 12405K, committed 12544K, reserved 1060864K
  class space    used 1151K, capacity 1174K, committed 1280K, reserved 1048576K
}
Event: 0.786 GC heap after
{Heap after GC invocations=1 (full 0):
 garbage-first heap   total 196608K, used 5846K [0x0000000740c00000, 0x0000000800000000)
  region size 1024K, 3 young (3072K), 3 survivors (3072K)
 Metaspace       used 12288K, capacity 12405K, committed 12544K, reserved 1060864K
  class space    used 1151K, capacity 1174K, committed 1280K, reserved 1048576K
}
Event: 1.692 GC heap before
{Heap before GC invocations=1 (full 0):
 garbage-first heap   total 196608K, used 43734K [0x0000000740c00000, 0x0000000800000000)
  region size 1024K, 41 young (41984K), 3 survivors (3072K)
 Metaspace       used 21013K, capacity 21194K, committed 21248K, reserved 1069056K
  class space    used 2208K, capacity 2295K, committed 2304K, reserved 1048576K
}
Event: 1.708 GC heap after
{Heap after GC invocations=2 (full 0):
 garbage-first heap   total 196608K, used 9503K [0x0000000740c00000, 0x0000000800000000)
  region size 1024K, 7 young (7168K), 7 survivors (7168K)
 Metaspace       used 21013K, capacity 21194K, committed 21248K, reserved 1069056K
  class space    used 2208K, capacity 2295K, committed 2304K, reserved 1048576K
}
Event: 2.269 GC heap before
{Heap before GC invocations=3 (full 0):
 garbage-first heap   total 196608K, used 39199K [0x0000000740c00000, 0x0000000800000000)
  region size 1024K, 31 young (31744K), 7 survivors (7168K)
 Metaspace       used 27005K, capacity 27383K, committed 27648K, reserved 1073152K
  class space    used 2877K, capacity 3051K, committed 3072K, reserved 1048576K
}
Event: 2.282 GC heap after
{Heap after GC invocations=4 (full 0):
 garbage-first heap   total 196608K, used 17770K [0x0000000740c00000, 0x0000000800000000)
  region size 1024K, 6 young (6144K), 6 survivors (6144K)
 Metaspace       used 27005K, capacity 27383K, committed 27648K, reserved 1073152K
  class space    used 2877K, capacity 3051K, committed 3072K, reserved 1048576K
}

Deoptimization events (20 events):
Event: 2.097 Thread 0x000002647476e000 Uncommon trap: trap_request=0xffffff4d fr.pc=0x0000026407b632ec relative=0x000000000000014c
Event: 2.097 Thread 0x000002647476e000 Uncommon trap: reason=unstable_if action=reinterpret pc=0x0000026407b632ec method=jdk.nio.zipfs.ZipFileSystem.getParentOff([B)I @ 21 c2
Event: 2.097 Thread 0x000002647476e000 DEOPT PACKING pc=0x0000026407b632ec sp=0x00000072407fe650
Event: 2.097 Thread 0x000002647476e000 DEOPT UNPACKING pc=0x00000264000276af sp=0x00000072407fe5e8 mode 2
Event: 2.108 Thread 0x000002647476e000 Uncommon trap: trap_request=0xffffff6e fr.pc=0x0000026407b54874 relative=0x00000000000014b4
Event: 2.108 Thread 0x000002647476e000 Uncommon trap: reason=speculate_class_check action=maybe_recompile pc=0x0000026407b54874 method=java.util.zip.InflaterInputStream.read([BII)I @ 100 c2
Event: 2.108 Thread 0x000002647476e000 DEOPT PACKING pc=0x0000026407b54874 sp=0x00000072407fe700
Event: 2.108 Thread 0x000002647476e000 DEOPT UNPACKING pc=0x00000264000276af sp=0x00000072407fe760 mode 2
Event: 2.139 Thread 0x000002647476e000 Uncommon trap: trap_request=0xffffffcc fr.pc=0x0000026407b6fe38 relative=0x00000000000001f8
Event: 2.139 Thread 0x000002647476e000 Uncommon trap: reason=intrinsic_or_type_checked_inlining action=make_not_entrant pc=0x0000026407b6fe38 method=java.util.Arrays.copyOf([Ljava/lang/Object;ILjava/lang/Class;)[Ljava/lang/Object; @ 35 c2
Event: 2.139 Thread 0x000002647476e000 DEOPT PACKING pc=0x0000026407b6fe38 sp=0x00000072407fdaa0
Event: 2.139 Thread 0x000002647476e000 DEOPT UNPACKING pc=0x00000264000276af sp=0x00000072407fda48 mode 2
Event: 2.189 Thread 0x000002647476e000 Uncommon trap: trap_request=0xffffff4d fr.pc=0x0000026407b6f4f4 relative=0x00000000000005b4
Event: 2.189 Thread 0x000002647476e000 Uncommon trap: reason=unstable_if action=reinterpret pc=0x0000026407b6f4f4 method=java.lang.Integer.getChars(II[B)I @ 25 c2
Event: 2.189 Thread 0x000002647476e000 DEOPT PACKING pc=0x0000026407b6f4f4 sp=0x00000072407fd5b0
Event: 2.189 Thread 0x000002647476e000 DEOPT UNPACKING pc=0x00000264000276af sp=0x00000072407fd4f8 mode 2
Event: 2.221 Thread 0x000002647476e000 Uncommon trap: trap_request=0xffffff4d fr.pc=0x0000026407b360b8 relative=0x0000000000000118
Event: 2.221 Thread 0x000002647476e000 Uncommon trap: reason=unstable_if action=reinterpret pc=0x0000026407b360b8 method=java.lang.String.startsWith(Ljava/lang/String;I)Z @ 1 c2
Event: 2.221 Thread 0x000002647476e000 DEOPT PACKING pc=0x0000026407b360b8 sp=0x00000072407fe060
Event: 2.221 Thread 0x000002647476e000 DEOPT UNPACKING pc=0x00000264000276af sp=0x00000072407fdfd0 mode 2

Classes redefined (0 events):
No events

Internal exceptions (16 events):
Event: 1.388 Thread 0x000002647476e000 Exception <a 'java/lang/NoSuchMethodError'{0x000000074b4346f0}: 'int java.lang.invoke.DirectMethodHandle$Holder.invokeSpecialIFC(java.lang.Object, java.lang.Object, int)'> (0x000000074b4346f0) thrown at [./src/hotspot/share/interpreter/linkResolver.cpp, line 773]
Event: 1.609 Thread 0x000002647476e000 Exception <a 'java/lang/NoSuchMethodError'{0x000000074a8eeb38}: 'java.lang.Object java.lang.invoke.DirectMethodHandle$Holder.invokeStaticInit(java.lang.Object, int)'> (0x000000074a8eeb38) thrown at [./src/hotspot/share/interpreter/linkResolver.cpp, line 773]
Event: 1.634 Thread 0x000002647476e000 Exception <a 'java/lang/NoSuchMethodError'{0x000000074a67a148}: 'long java.lang.invoke.DirectMethodHandle$Holder.invokeStatic(java.lang.Object)'> (0x000000074a67a148) thrown at [./src/hotspot/share/interpreter/linkResolver.cpp, line 773]
Event: 1.635 Thread 0x000002647476e000 Exception <a 'java/lang/NoSuchMethodError'{0x000000074a67cfa0}: 'long java.lang.invoke.DirectMethodHandle$Holder.invokeStaticInit(java.lang.Object)'> (0x000000074a67cfa0) thrown at [./src/hotspot/share/interpreter/linkResolver.cpp, line 773]
Event: 1.690 Thread 0x000002647476e000 Exception <a 'java/lang/NoSuchMethodError'{0x000000074a3e8f50}: 'int java.lang.invoke.DirectMethodHandle$Holder.invokeStaticInit(java.lang.Object, java.lang.Object, java.lang.Object)'> (0x000000074a3e8f50) thrown at [./src/hotspot/share/interpreter/linkResolver.cpp, line 773]
Event: 1.714 Thread 0x000002647476e000 Exception <a 'java/lang/NoSuchMethodError'{0x000000074cb1d3d8}: 'int java.lang.invoke.DirectMethodHandle$Holder.invokeStaticInit(java.lang.Object, java.lang.Object)'> (0x000000074cb1d3d8) thrown at [./src/hotspot/share/interpreter/linkResolver.cpp, line 773]
Event: 1.974 Thread 0x000002647476e000 Exception <a 'java/lang/NoSuchMethodError'{0x000000074c14a210}: 'java.lang.Object java.lang.invoke.DirectMethodHandle$Holder.invokeStatic(java.lang.Object, java.lang.Object, java.lang.Object, java.lang.Object, java.lang.Object, java.lang.Object, java.lang.Object, java.lang.Object, java.lang.Object, java.lang.Object, java.lang.Object, java.lang.Object, java.lang.Object, java.lang.Object, java.lang.Object)'> (0x000000074c14a210) thrown at [./src/hotspot/share/interpreter/linkResolver.cpp, line 773]
Event: 1.977 Thread 0x000002647476e000 Exception <a 'java/lang/NoSuchMethodError'{0x000000074c1585e8}: 'java.lang.Object java.lang.invoke.DirectMethodHandle$Holder.invokeStatic(java.lang.Object, java.lang.Object, java.lang.Object, java.lang.Object, java.lang.Object, java.lang.Object, java.lang.Object, java.lang.Object, java.lang.Object, java.lang.Object, java.lang.Object, java.lang.Object, java.lang.Object, java.lang.Object, java.lang.Object, java.lang.Object)'> (0x000000074c1585e8) thrown at [./src/hotspot/share/interpreter/linkResolver.cpp, l
Event: 1.979 Thread 0x000002647476e000 Exception <a 'java/lang/NoSuchMethodError'{0x000000074c166500}: 'java.lang.Object java.lang.invoke.DirectMethodHandle$Holder.invokeSpecial(java.lang.Object, java.lang.Object, int, int, java.lang.Object, java.lang.Object, java.lang.Object)'> (0x000000074c166500) thrown at [./src/hotspot/share/interpreter/linkResolver.cpp, line 773]
Event: 1.980 Thread 0x000002647476e000 Exception <a 'java/lang/NoSuchMethodError'{0x000000074c169d38}: 'java.lang.Object java.lang.invoke.DelegatingMethodHandle$Holder.reinvoke_L(java.lang.Object, int, int, java.lang.Object, java.lang.Object, java.lang.Object)'> (0x000000074c169d38) thrown at [./src/hotspot/share/interpreter/linkResolver.cpp, line 773]
Event: 1.980 Thread 0x000002647476e000 Exception <a 'java/lang/NoSuchMethodError'{0x000000074c16e0c0}: 'java.lang.Object java.lang.invoke.DirectMethodHandle$Holder.invokeStatic(java.lang.Object, java.lang.Object, java.lang.Object, java.lang.Object, int)'> (0x000000074c16e0c0) thrown at [./src/hotspot/share/interpreter/linkResolver.cpp, line 773]
Event: 2.061 Thread 0x000002647476e000 Implicit null exception at 0x0000026407b5e82c to 0x0000026407b5e95a
Event: 2.112 Thread 0x000002647476e000 Exception <a 'java/lang/NoSuchMethodError'{0x000000074bcea360}: 'void java.lang.invoke.DirectMethodHandle$Holder.invokeStatic(java.lang.Object, java.lang.Object, java.lang.Object, java.lang.Object)'> (0x000000074bcea360) thrown at [./src/hotspot/share/interpreter/linkResolver.cpp, line 773]
Event: 2.141 Thread 0x000002647476e000 Exception <a 'java/lang/NoSuchMethodError'{0x000000074ba39ab0}: 'void java.lang.invoke.DirectMethodHandle$Holder.invokeSpecial(java.lang.Object, java.lang.Object)'> (0x000000074ba39ab0) thrown at [./src/hotspot/share/interpreter/linkResolver.cpp, line 773]
Event: 2.186 Thread 0x000002647476e000 Exception <a 'java/lang/NoSuchMethodError'{0x000000074b8dc7e8}: 'void java.lang.invoke.DirectMethodHandle$Holder.invokeStaticInit(java.lang.Object, java.lang.Object)'> (0x000000074b8dc7e8) thrown at [./src/hotspot/share/interpreter/linkResolver.cpp, line 773]
Event: 2.196 Thread 0x000002647476e000 Exception <a 'java/lang/NoSuchMethodError'{0x000000074b71bdc0}: 'void java.lang.invoke.DirectMethodHandle$Holder.invokeInterface(java.lang.Object, java.lang.Object)'> (0x000000074b71bdc0) thrown at [./src/hotspot/share/interpreter/linkResolver.cpp, line 773]

Events (20 events):
Event: 2.308 loading class org/jetbrains/kotlin/parcelize/ParcelizeIrGeneratorExtension
Event: 2.308 loading class org/jetbrains/kotlin/parcelize/ParcelizeIrGeneratorExtension done
Event: 2.309 loading class org/jetbrains/kotlin/parcelize/ParcelizeResolveExtension
Event: 2.309 loading class org/jetbrains/kotlin/parcelize/ParcelizeResolveExtension done
Event: 2.310 loading class org/jetbrains/kotlin/parcelize/ParcelizeResolveExtension$Companion
Event: 2.310 loading class org/jetbrains/kotlin/parcelize/ParcelizeResolveExtension$Companion done
Event: 2.310 loading class org/jetbrains/kotlin/parcelize/ParcelizeSyntheticComponent$ComponentKind
Event: 2.310 loading class org/jetbrains/kotlin/parcelize/ParcelizeSyntheticComponent$ComponentKind done
Event: 2.311 loading class org/jetbrains/kotlin/parcelize/ParcelizeClinitClassBuilderInterceptorExtension
Event: 2.311 loading class org/jetbrains/kotlin/parcelize/ParcelizeClinitClassBuilderInterceptorExtension done
Event: 2.311 loading class org/jetbrains/kotlin/parcelize/ParcelizeDeclarationCheckerComponentContainerContributor
Event: 2.311 loading class org/jetbrains/kotlin/parcelize/ParcelizeDeclarationCheckerComponentContainerContributor done
Event: 2.311 loading class org/jetbrains/kotlin/resolve/lazy/declarations/DeclarationProviderFactoryService
Event: 2.311 loading class org/jetbrains/kotlin/resolve/lazy/declarations/DeclarationProviderFactoryService done
Event: 2.312 loading class org/jetbrains/kotlin/resolve/lazy/declarations/CliDeclarationProviderFactoryService
Event: 2.312 loading class org/jetbrains/kotlin/resolve/lazy/declarations/CliDeclarationProviderFactoryService done
Event: 2.312 loading class org/jetbrains/kotlin/resolve/lazy/declarations/DeclarationProviderFactoryService$Companion
Event: 2.312 loading class org/jetbrains/kotlin/resolve/lazy/declarations/DeclarationProviderFactoryService$Companion done
Event: 2.312 loading class org/jetbrains/kotlin/load/kotlin/ModuleVisibilityManager
Event: 2.312 loading class org/jetbrains/kotlin/load/kotlin/ModuleVisibilityManager done


Dynamic libraries:
0x00007ff795030000 - 0x00007ff79503a000 	D:\AndroidStudioAhii\jre\bin\java.exe
0x00007ff815730000 - 0x00007ff81591d000 	C:\Windows\SYSTEM32\ntdll.dll
0x00007ff813220000 - 0x00007ff8132d3000 	C:\Windows\System32\KERNEL32.DLL
0x00007ff811b70000 - 0x00007ff811e03000 	C:\Windows\System32\KERNELBASE.dll
0x00007ff812110000 - 0x00007ff81220c000 	C:\Windows\System32\ucrtbase.dll
0x00007ff801170000 - 0x00007ff801187000 	D:\AndroidStudioAhii\jre\bin\VCRUNTIME140.dll
0x00007ff801120000 - 0x00007ff801139000 	D:\AndroidStudioAhii\jre\bin\jli.dll
0x00007ff813620000 - 0x00007ff8137b7000 	C:\Windows\System32\USER32.dll
0x00007ff8013b0000 - 0x00007ff801629000 	C:\Windows\WinSxS\amd64_microsoft.windows.common-controls_6595b64144ccf1df_6.0.17763.107_none_05b63884071e656e\COMCTL32.dll
0x00007ff811ff0000 - 0x00007ff812010000 	C:\Windows\System32\win32u.dll
0x00007ff813150000 - 0x00007ff8131ee000 	C:\Windows\System32\msvcrt.dll
0x00007ff8131f0000 - 0x00007ff813219000 	C:\Windows\System32\GDI32.dll
0x00007ff8137c0000 - 0x00007ff813aee000 	C:\Windows\System32\combase.dll
0x00007ff8119d0000 - 0x00007ff811b6a000 	C:\Windows\System32\gdi32full.dll
0x00007ff813490000 - 0x00007ff8135b3000 	C:\Windows\System32\RPCRT4.dll
0x00007ff8118a0000 - 0x00007ff811940000 	C:\Windows\System32\msvcp_win.dll
0x00007ff811820000 - 0x00007ff81189e000 	C:\Windows\System32\bcryptPrimitives.dll
0x00007ff815400000 - 0x00007ff81542e000 	C:\Windows\System32\IMM32.DLL
0x00007ffff36d0000 - 0x00007ffff376d000 	D:\AndroidStudioAhii\jre\bin\msvcp140.dll
0x00007fffe5030000 - 0x00007fffe5aec000 	D:\AndroidStudioAhii\jre\bin\server\jvm.dll
0x00007ff8130a0000 - 0x00007ff813143000 	C:\Windows\System32\ADVAPI32.dll
0x00007ff813e70000 - 0x00007ff813f0e000 	C:\Windows\System32\sechost.dll
0x00007ff815580000 - 0x00007ff815588000 	C:\Windows\System32\PSAPI.DLL
0x00007ff80d310000 - 0x00007ff80d319000 	C:\Windows\SYSTEM32\WSOCK32.dll
0x00007ff80e500000 - 0x00007ff80e524000 	C:\Windows\SYSTEM32\WINMM.dll
0x00007ff80ad30000 - 0x00007ff80ad3a000 	C:\Windows\SYSTEM32\VERSION.dll
0x00007ff815430000 - 0x00007ff81549d000 	C:\Windows\System32\WS2_32.dll
0x00007ff80e4d0000 - 0x00007ff80e4fd000 	C:\Windows\SYSTEM32\WINMMBASE.dll
0x00007ff812010000 - 0x00007ff81205a000 	C:\Windows\System32\cfgmgr32.dll
0x00007ff8117e0000 - 0x00007ff8117f1000 	C:\Windows\System32\kernel.appcore.dll
0x00007ff80d2f0000 - 0x00007ff80d301000 	D:\AndroidStudioAhii\jre\bin\verify.dll
0x00007ff805500000 - 0x00007ff8056ed000 	C:\Windows\SYSTEM32\DBGHELP.DLL
0x00007ff804be0000 - 0x00007ff804c0a000 	C:\Windows\SYSTEM32\dbgcore.DLL
0x00007ff80b500000 - 0x00007ff80b529000 	D:\AndroidStudioAhii\jre\bin\java.dll
0x00007ff80d110000 - 0x00007ff80d11b000 	D:\AndroidStudioAhii\jre\bin\jimage.dll
0x00007ff80b4e0000 - 0x00007ff80b4f8000 	D:\AndroidStudioAhii\jre\bin\zip.dll
0x00007ff813f10000 - 0x00007ff8153ff000 	C:\Windows\System32\SHELL32.dll
0x00007ff813bd0000 - 0x00007ff813c78000 	C:\Windows\System32\shcore.dll
0x00007ff812210000 - 0x00007ff812958000 	C:\Windows\System32\windows.storage.dll
0x00007ff811730000 - 0x00007ff811754000 	C:\Windows\System32\profapi.dll
0x00007ff811780000 - 0x00007ff8117dd000 	C:\Windows\System32\powrprof.dll
0x00007ff813af0000 - 0x00007ff813b42000 	C:\Windows\System32\shlwapi.dll
0x00007ff811800000 - 0x00007ff811817000 	C:\Windows\System32\cryptsp.dll
0x00007ff80b4c0000 - 0x00007ff80b4da000 	D:\AndroidStudioAhii\jre\bin\net.dll
0x00007ff807f80000 - 0x00007ff808071000 	C:\Windows\SYSTEM32\WINHTTP.dll
0x00007ff810fc0000 - 0x00007ff811027000 	C:\Windows\system32\mswsock.dll
0x00007ff80b4a0000 - 0x00007ff80b4b4000 	D:\AndroidStudioAhii\jre\bin\nio.dll

dbghelp: loaded successfully - version: 4.0.5 - missing functions: none
symbol engine: initialized successfully - sym options: 0x614 - pdb path: .;D:\AndroidStudioAhii\jre\bin;C:\Windows\SYSTEM32;C:\Windows\WinSxS\amd64_microsoft.windows.common-controls_6595b64144ccf1df_6.0.17763.107_none_05b63884071e656e;D:\AndroidStudioAhii\jre\bin\server

VM Arguments:
java_command: org.jetbrains.kotlin.cli.jvm.K2JVMCompiler @E:\Android_Project\Folder_JetPack_Test\PDF_Scanner\app\build\20211023_8839805046808384204.compiler.options
java_class_path (initial): C:\Users\NangPro\.gradle\caches\modules-2\files-2.1\org.jetbrains.kotlin\kotlin-compiler-embeddable\1.5.21\40ddbcae9ff100473f95370c2d589ba3fc48eed5\kotlin-compiler-embeddable-1.5.21.jar;C:\Users\NangPro\.gradle\caches\modules-2\files-2.1\org.jetbrains.kotlin\kotlin-reflect\1.5.21\802f1f39735ae1eb2b75714a40fa19bb2e687e96\kotlin-reflect-1.5.21.jar;C:\Users\NangPro\.gradle\caches\modules-2\files-2.1\org.jetbrains.kotlin\kotlin-stdlib\1.5.21\2f537cad7e9eeb9da73738c8812e1e4cf9b62e4e\kotlin-stdlib-1.5.21.jar;C:\Users\NangPro\.gradle\caches\modules-2\files-2.1\org.jetbrains.kotlin\kotlin-script-runtime\1.5.21\96d49e89873fde985750af354b6eabb60cfa999b\kotlin-script-runtime-1.5.21.jar;C:\Users\NangPro\.gradle\caches\modules-2\files-2.1\org.jetbrains.kotlin\kotlin-daemon-embeddable\1.5.21\17255809e66a940dfdf6289bccbdfb5a09f3145\kotlin-daemon-embeddable-1.5.21.jar;C:\Users\NangPro\.gradle\caches\modules-2\files-2.1\org.jetbrains.intellij.deps\trove4j\1.0.20181211\216c2e14b070f334479d800987affe4054cd563f\trove4j-1.0.20181211.jar;C:\Users\NangPro\.gradle\caches\modules-2\files-2.1\org.jetbrains\annotations\13.0\919f0dfe192fb4e063e7dacadee7f8bb9a2672a9\annotations-13.0.jar;C:\Users\NangPro\.gradle\caches\modules-2\files-2.1\org.jetbrains.kotlin\kotlin-stdlib-common\1.5.21\cc8bf3586fd2ebcf234058b9440bb406e62dfacb\kotlin-stdlib-common-1.5.21.jar
Launcher Type: SUN_STANDARD

[Global flags]
     intx CICompilerCount                          = 4                                         {product} {ergonomic}
     uint ConcGCThreads                            = 2                                         {product} {ergonomic}
     uint G1ConcRefinementThreads                  = 8                                         {product} {ergonomic}
   size_t G1HeapRegionSize                         = 1048576                                   {product} {ergonomic}
    uintx GCDrainStackTargetSize                   = 64                                        {product} {ergonomic}
   size_t InitialHeapSize                          = 201326592                                 {product} {ergonomic}
   size_t MarkStackSize                            = 4194304                                   {product} {ergonomic}
   size_t MaxHeapSize                              = 3208642560                                {product} {ergonomic}
   size_t MaxNewSize                               = 1925185536                                {product} {ergonomic}
   size_t MinHeapDeltaBytes                        = 1048576                                   {product} {ergonomic}
    uintx NonNMethodCodeHeapSize                   = 5836300                                {pd product} {ergonomic}
    uintx NonProfiledCodeHeapSize                  = 122910970                              {pd product} {ergonomic}
    uintx ProfiledCodeHeapSize                     = 122910970                              {pd product} {ergonomic}
    uintx ReservedCodeCacheSize                    = 251658240                              {pd product} {ergonomic}
     bool SegmentedCodeCache                       = true                                      {product} {ergonomic}
     bool UseCompressedClassPointers               = true                                 {lp64_product} {ergonomic}
     bool UseCompressedOops                        = true                                 {lp64_product} {ergonomic}
     bool UseG1GC                                  = true                                      {product} {ergonomic}
     bool UseLargePagesIndividualAllocation        = false                                  {pd product} {ergonomic}

Logging:
Log output configuration:
 #0: stdout all=warning uptime,level,tags
 #1: stderr all=off uptime,level,tags

Environment Variables:
PATH=C:\Program Files (x86)\Common Files\Oracle\Java\javapath;C:\Program Files\Common Files\Oracle\Java\javapath;C:\Windows\system32;C:\Windows;C:\Windows\System32\Wbem;C:\Windows\System32\WindowsPowerShell\v1.0\;C:\Windows\System32\OpenSSH\;C:\TDM-GCC-64\bin;C:\Program Files\MongoDB\Server\4.4\bin;C:\Program Files\nodejs\;C:\ProgramData\chocolatey\bin;C:\Program Files\nodejs\node_modules\npm\bin;C:\Program Files\Git\cmd;C:\Program Files (x86)\GtkSharp\2.12\bin;E:\src\flutter\bin;C:\Windows\System32;C:\Users\NangPro\AppData\Local\Microsoft\WindowsApps;C:\Users\NangPro\AppData\Local\Programs\Microsoft VS Code\bin;C:\Program Files\JetBrains\IntelliJ IDEA Community Edition 2021.2.2\bin;;C:\Program Files\JetBrains\PyCharm Community Edition 2020.2\bin;;C:\Users\NangPro\AppData\Roaming\npm;C:\Program Files\heroku\bin;C:\Users\NangPro\AppData\Local\Android\Sdk\platform-tools;
USERNAME=NangPro
OS=Windows_NT
PROCESSOR_IDENTIFIER=Intel64 Family 6 Model 42 Stepping 7, GenuineIntel



---------------  S Y S T E M  ---------------

OS: Windows 10 , 64 bit Build 17763 (10.0.17763.1)
OS uptime: 0 days 4:26 hours

CPU:total 8 (initial active 8) (4 cores per cpu, 2 threads per core) family 6 model 42 stepping 7, cmov, cx8, fxsr, mmx, sse, sse2, sse3, ssse3, sse4.1, sse4.2, popcnt, avx, aes, clmul, ht, tsc, tscinvbit

Memory: 4k page, system-wide physical 12238M (3078M free)
TotalPageFile size 13213M (AvailPageFile size 1M)
current process WorkingSet (physical memory assigned to process): 150M, peak: 150M
current process commit charge ("private bytes"): 321M, peak: 321M

vm_info: OpenJDK 64-Bit Server VM (11.0.8+10-b944.6842174) for windows-amd64 JRE (11.0.8+10-b944.6842174), built on Sep 19 2020 01:11:42 by "builder" with MS VC++ 14.0 (VS2015)

END.
