#
# There is insufficient memory for the Java Runtime Environment to continue.
# Native memory allocation (malloc) failed to allocate 1866096 bytes for Chunk::new
# Possible reasons:
#   The system is out of physical RAM or swap space
#   The process is running with CompressedOops enabled, and the Java Heap may be blocking the growth of the native heap
# Possible solutions:
#   Reduce memory load on the system
#   Increase physical memory or swap space
#   Check if swap backing store is full
#   Decrease Java heap size (-Xmx/-Xms)
#   Decrease number of Java threads
#   Decrease Java thread stack sizes (-Xss)
#   Set larger code cache with -XX:ReservedCodeCacheSize=
#   JVM is running with Unscaled Compressed Oops mode in which the Java heap is
#     placed in the first 4GB address space. The Java Heap base address is the
#     maximum limit for the native heap growth. Please use -XX:HeapBaseMinAddress
#     to set the Java Heap base and to place the Java Heap above 4GB virtual address.
# This output file may be truncated or incomplete.
#
#  Out of Memory Error (./src/hotspot/share/memory/arena.cpp:197), pid=18108, tid=12528
#
# JRE version: OpenJDK Runtime Environment (11.0.8+10) (build 11.0.8+10-b944.6842174)
# Java VM: OpenJDK 64-Bit Server VM (11.0.8+10-b944.6842174, mixed mode, tiered, compressed oops, g1 gc, windows-amd64)
# No core dump will be written. Minidumps are not enabled by default on client versions of Windows
#

---------------  S U M M A R Y ------------

Command Line: --add-opens=java.base/java.util=ALL-UNNAMED --add-opens=java.base/java.lang=ALL-UNNAMED --add-opens=java.base/java.lang.invoke=ALL-UNNAMED --add-opens=java.prefs/java.util.prefs=ALL-UNNAMED -Xmx2048m -Dfile.encoding=UTF-8 -Duser.country=US -Duser.language=en -Duser.variant org.gradle.launcher.daemon.bootstrap.GradleDaemon 6.7.1

Host: Intel(R) Core(TM) i7-2860QM CPU @ 2.50GHz, 8 cores, 11G,  Windows 10 , 64 bit Build 17763 (10.0.17763.1)
Time: Sat Oct 23 16:15:41 2021 SE Asia Standard Time elapsed time: 6 seconds (0d 0h 0m 6s)

---------------  T H R E A D  ---------------

Current thread (0x000001e7b06db000):  JavaThread "C2 CompilerThread0" daemon [_thread_in_native, id=12528, stack(0x000000044f200000,0x000000044f300000)]


Current CompileTask:
C2:   6649 3221       4       org.objectweb.asm.Frame::execute (2318 bytes)

Stack: [0x000000044f200000,0x000000044f300000]
Native frames: (J=compiled Java code, j=interpreted, Vv=VM code, C=native code)
V  [jvm.dll+0x5de50a]
V  [jvm.dll+0x7122f5]
V  [jvm.dll+0x71384d]
V  [jvm.dll+0x713f03]
V  [jvm.dll+0x23e728]
V  [jvm.dll+0xb899c]
V  [jvm.dll+0xb8e9c]
V  [jvm.dll+0x35020b]
V  [jvm.dll+0x31dea3]
V  [jvm.dll+0x31d39a]
V  [jvm.dll+0x1f7702]
V  [jvm.dll+0x1f68d4]
V  [jvm.dll+0x17f32c]
V  [jvm.dll+0x205047]
V  [jvm.dll+0x203891]
V  [jvm.dll+0x6dad3f]
V  [jvm.dll+0x6d3895]
V  [jvm.dll+0x5dd4a6]
C  [ucrtbase.dll+0x203ba]
C  [KERNEL32.DLL+0x17e94]
C  [ntdll.dll+0x67ad1]


---------------  P R O C E S S  ---------------

Threads class SMR info:
_java_thread_list=0x000001e7b3b9c080, length=32, elements={
0x000001e7963bb000, 0x000001e7b06d2000, 0x000001e7b06d3000, 0x000001e7b06d8800,
0x000001e7b06d9800, 0x000001e7b06db000, 0x000001e7b0f58800, 0x000001e7b0f59800,
0x000001e7b10ca000, 0x000001e7b10d7800, 0x000001e7b2b9f800, 0x000001e7b28ac800,
0x000001e7b12da800, 0x000001e7b3aa0800, 0x000001e7b2ec3000, 0x000001e7b224d800,
0x000001e7b26bb000, 0x000001e7b3565000, 0x000001e7b2552800, 0x000001e7b27e8000,
0x000001e7b34bb800, 0x000001e7b34ba000, 0x000001e7b34bc800, 0x000001e7b3c20800,
0x000001e7b34b9000, 0x000001e7b34bf800, 0x000001e7b34bd000, 0x000001e7b3bc0000,
0x000001e7b34be000, 0x000001e7b34be800, 0x000001e7b34ba800, 0x000001e7b3ab7000
}

Java Threads: ( => current thread )
  0x000001e7963bb000 JavaThread "main" [_thread_blocked, id=14664, stack(0x000000044e700000,0x000000044e800000)]
  0x000001e7b06d2000 JavaThread "Reference Handler" daemon [_thread_blocked, id=15672, stack(0x000000044ee00000,0x000000044ef00000)]
  0x000001e7b06d3000 JavaThread "Finalizer" daemon [_thread_blocked, id=10084, stack(0x000000044ef00000,0x000000044f000000)]
  0x000001e7b06d8800 JavaThread "Signal Dispatcher" daemon [_thread_blocked, id=9464, stack(0x000000044f000000,0x000000044f100000)]
  0x000001e7b06d9800 JavaThread "Attach Listener" daemon [_thread_blocked, id=8004, stack(0x000000044f100000,0x000000044f200000)]
=>0x000001e7b06db000 JavaThread "C2 CompilerThread0" daemon [_thread_in_native, id=12528, stack(0x000000044f200000,0x000000044f300000)]
  0x000001e7b0f58800 JavaThread "C1 CompilerThread0" daemon [_thread_blocked, id=13692, stack(0x000000044f300000,0x000000044f400000)]
  0x000001e7b0f59800 JavaThread "Sweeper thread" daemon [_thread_blocked, id=13516, stack(0x000000044f400000,0x000000044f500000)]
  0x000001e7b10ca000 JavaThread "Common-Cleaner" daemon [_thread_blocked, id=13388, stack(0x000000044f500000,0x000000044f600000)]
  0x000001e7b10d7800 JavaThread "Service Thread" daemon [_thread_blocked, id=17164, stack(0x000000044f600000,0x000000044f700000)]
  0x000001e7b2b9f800 JavaThread "Daemon health stats" [_thread_blocked, id=14496, stack(0x000000044fd00000,0x000000044fe00000)]
  0x000001e7b28ac800 JavaThread "Incoming local TCP Connector on port 63988" [_thread_in_native, id=13396, stack(0x000000044fe00000,0x000000044ff00000)]
  0x000001e7b12da800 JavaThread "Daemon periodic checks" [_thread_blocked, id=15380, stack(0x000000044ff00000,0x0000000450000000)]
  0x000001e7b3aa0800 JavaThread "Daemon" [_thread_blocked, id=2144, stack(0x0000000450000000,0x0000000450100000)]
  0x000001e7b2ec3000 JavaThread "Handler for socket connection from /127.0.0.1:63988 to /127.0.0.1:63989" [_thread_in_native, id=19228, stack(0x0000000450100000,0x0000000450200000)]
  0x000001e7b224d800 JavaThread "Cancel handler" [_thread_blocked, id=17428, stack(0x0000000450300000,0x0000000450400000)]
  0x000001e7b26bb000 JavaThread "Daemon worker" [_thread_in_Java, id=18088, stack(0x0000000450400000,0x0000000450500000)]
  0x000001e7b3565000 JavaThread "Asynchronous log dispatcher for DefaultDaemonConnection: socket connection from /127.0.0.1:63988 to /127.0.0.1:63989" [_thread_blocked, id=2296, stack(0x0000000450500000,0x0000000450600000)]
  0x000001e7b2552800 JavaThread "Stdin handler" [_thread_blocked, id=16116, stack(0x0000000450600000,0x0000000450700000)]
  0x000001e7b27e8000 JavaThread "Thread-8" [_thread_blocked, id=12972, stack(0x0000000450700000,0x0000000450800000)]
  0x000001e7b34bb800 JavaThread "Cache worker for file hash cache (C:\Users\NangPro\.gradle\caches\6.7.1\fileHashes)" [_thread_blocked, id=10908, stack(0x0000000450800000,0x0000000450900000)]
  0x000001e7b34ba000 JavaThread "File lock request listener" [_thread_in_native, id=14144, stack(0x0000000450900000,0x0000000450a00000)]
  0x000001e7b34bc800 JavaThread "Cache worker for journal cache (C:\Users\NangPro\.gradle\caches\journal-1)" [_thread_blocked, id=15072, stack(0x0000000450e00000,0x0000000450f00000)]
  0x000001e7b3c20800 JavaThread "C2 CompilerThread1" daemon [_thread_blocked, id=18644, stack(0x0000000450f00000,0x0000000451000000)]
  0x000001e7b34b9000 JavaThread "Cache worker for file hash cache (E:\Android_Project\Folder_JetPack_Test\PDF_Scanner\.gradle\6.7.1\fileHashes)" [_thread_blocked, id=12944, stack(0x0000000451000000,0x0000000451100000)]
  0x000001e7b34bf800 JavaThread "Cache worker for checksums cache (E:\Android_Project\Folder_JetPack_Test\PDF_Scanner\.gradle\checksums)" [_thread_blocked, id=8156, stack(0x0000000451100000,0x0000000451200000)]
  0x000001e7b34bd000 JavaThread "Cache worker for cache directory md-supplier (C:\Users\NangPro\.gradle\caches\6.7.1\md-supplier)" [_thread_blocked, id=17148, stack(0x0000000451200000,0x0000000451300000)]
  0x000001e7b3bc0000 JavaThread "C2 CompilerThread2" daemon [_thread_in_native, id=19144, stack(0x0000000451300000,0x0000000451400000)]
  0x000001e7b34be000 JavaThread "Cache worker for cache directory md-rule (C:\Users\NangPro\.gradle\caches\6.7.1\md-rule)" [_thread_blocked, id=10440, stack(0x0000000451400000,0x0000000451500000)]
  0x000001e7b34be800 JavaThread "Cache worker for execution history cache (C:\Users\NangPro\.gradle\caches\6.7.1\executionHistory)" [_thread_blocked, id=19208, stack(0x0000000451500000,0x0000000451600000)]
  0x000001e7b34ba800 JavaThread "jar transforms" [_thread_blocked, id=13428, stack(0x0000000451600000,0x0000000451700000)]
  0x000001e7b3ab7000 JavaThread "Cache worker for file content cache (C:\Users\NangPro\.gradle\caches\6.7.1\fileContent)" [_thread_blocked, id=15156, stack(0x0000000451700000,0x0000000451800000)]

Other Threads:
  0x000001e7b0f07800 VMThread "VM Thread" [stack: 0x000000044ed00000,0x000000044ee00000] [id=3816]
  0x000001e7b10d8800 WatcherThread [stack: 0x000000044f700000,0x000000044f800000] [id=17412]
  0x000001e7963d2800 GCTaskThread "GC Thread#0" [stack: 0x000000044e800000,0x000000044e900000] [id=17708]
  0x000001e7b1eb8000 GCTaskThread "GC Thread#1" [stack: 0x000000044f900000,0x000000044fa00000] [id=11004]
  0x000001e7b1d11800 GCTaskThread "GC Thread#2" [stack: 0x000000044fa00000,0x000000044fb00000] [id=3868]
  0x000001e7b1cdc800 GCTaskThread "GC Thread#3" [stack: 0x000000044fb00000,0x000000044fc00000] [id=18552]
  0x000001e7b3948000 GCTaskThread "GC Thread#4" [stack: 0x0000000450200000,0x0000000450300000] [id=19260]
  0x000001e7b37bb800 GCTaskThread "GC Thread#5" [stack: 0x0000000450a00000,0x0000000450b00000] [id=6140]
  0x000001e7b1fc9000 GCTaskThread "GC Thread#6" [stack: 0x0000000450b00000,0x0000000450c00000] [id=6296]
  0x000001e7b298a000 GCTaskThread "GC Thread#7" [stack: 0x0000000450c00000,0x0000000450d00000] [id=9512]
  0x000001e796405800 ConcurrentGCThread "G1 Main Marker" [stack: 0x000000044e900000,0x000000044ea00000] [id=13436]
  0x000001e796406800 ConcurrentGCThread "G1 Conc#0" [stack: 0x000000044ea00000,0x000000044eb00000] [id=7036]
  0x000001e7b3543000 ConcurrentGCThread "G1 Conc#1" [stack: 0x0000000450d00000,0x0000000450e00000] [id=19068]
  0x000001e79648e000 ConcurrentGCThread "G1 Refine#0" [stack: 0x000000044eb00000,0x000000044ec00000] [id=10636]
  0x000001e7b0536800 ConcurrentGCThread "G1 Young RemSet Sampling" [stack: 0x000000044ec00000,0x000000044ed00000] [id=18860]

Threads with active compile tasks:
C2 CompilerThread0   6676 3221       4       org.objectweb.asm.Frame::execute (2318 bytes)
C2 CompilerThread2   6676 3144       4       groovy.lang.MetaClassImpl$1MOPIter::methodNameAction (325 bytes)

VM state:not at safepoint (normal execution)

VM Mutex/Monitor currently owned by a thread: None

Heap address: 0x0000000080000000, size: 2048 MB, Compressed Oops mode: 32-bit
Narrow klass base: 0x0000000000000000, Narrow klass shift: 3
Compressed class space size: 1073741824 Address: 0x0000000100000000

Heap:
 garbage-first heap   total 196608K, used 90632K [0x0000000080000000, 0x0000000100000000)
  region size 1024K, 72 young (73728K), 6 survivors (6144K)
 Metaspace       used 41214K, capacity 42114K, committed 42240K, reserved 1085440K
  class space    used 5267K, capacity 5576K, committed 5632K, reserved 1048576K
Heap Regions: E=young(eden), S=young(survivor), O=old, HS=humongous(starts), HC=humongous(continues), CS=collection set, F=free, A=archive, TAMS=top-at-mark-start (previous, next)
|   0|0x0000000080000000, 0x0000000080100000, 0x0000000080100000|100%| O|  |TAMS 0x0000000080100000, 0x0000000080000000| Untracked 
|   1|0x0000000080100000, 0x0000000080200000, 0x0000000080200000|100%| O|  |TAMS 0x0000000080200000, 0x0000000080100000| Untracked 
|   2|0x0000000080200000, 0x0000000080300000, 0x0000000080300000|100%| O|  |TAMS 0x0000000080300000, 0x0000000080200000| Untracked 
|   3|0x0000000080300000, 0x0000000080400000, 0x0000000080400000|100%|HS|  |TAMS 0x0000000080400000, 0x0000000080300000| Complete 
|   4|0x0000000080400000, 0x0000000080500000, 0x0000000080500000|100%|HC|  |TAMS 0x0000000080500000, 0x0000000080400000| Complete 
|   5|0x0000000080500000, 0x0000000080600000, 0x0000000080600000|100%|HC|  |TAMS 0x0000000080600000, 0x0000000080500000| Complete 
|   6|0x0000000080600000, 0x0000000080700000, 0x0000000080700000|100%| O|  |TAMS 0x0000000080700000, 0x0000000080600000| Untracked 
|   7|0x0000000080700000, 0x0000000080800000, 0x0000000080800000|100%| O|  |TAMS 0x0000000080800000, 0x0000000080700000| Untracked 
|   8|0x0000000080800000, 0x0000000080900000, 0x0000000080900000|100%| O|  |TAMS 0x0000000080900000, 0x0000000080800000| Untracked 
|   9|0x0000000080900000, 0x0000000080a00000, 0x0000000080a00000|100%| O|  |TAMS 0x0000000080a00000, 0x0000000080900000| Untracked 
|  10|0x0000000080a00000, 0x0000000080b00000, 0x0000000080b00000|100%| O|  |TAMS 0x0000000080b00000, 0x0000000080a00000| Untracked 
|  11|0x0000000080b00000, 0x0000000080c00000, 0x0000000080c00000|100%| O|  |TAMS 0x0000000080c00000, 0x0000000080b00000| Untracked 
|  12|0x0000000080c00000, 0x0000000080d00000, 0x0000000080d00000|100%| O|  |TAMS 0x0000000080d00000, 0x0000000080c00000| Untracked 
|  13|0x0000000080d00000, 0x0000000080e00000, 0x0000000080e00000|100%| O|  |TAMS 0x0000000080e00000, 0x0000000080d00000| Untracked 
|  14|0x0000000080e00000, 0x0000000080f00000, 0x0000000080f00000|100%| O|  |TAMS 0x0000000080f00000, 0x0000000080e00000| Untracked 
|  15|0x0000000080f00000, 0x0000000080f3c200, 0x0000000081000000| 23%| O|  |TAMS 0x0000000080f3c200, 0x0000000080f00000| Untracked 
|  16|0x0000000081000000, 0x0000000081100000, 0x0000000081100000|100%|HS|  |TAMS 0x0000000081000000, 0x0000000081000000| Complete 
|  17|0x0000000081100000, 0x0000000081200000, 0x0000000081200000|100%|HS|  |TAMS 0x0000000081100000, 0x0000000081100000| Complete 
|  18|0x0000000081200000, 0x0000000081300000, 0x0000000081300000|100%|HC|  |TAMS 0x0000000081200000, 0x0000000081200000| Complete 
|  19|0x0000000081300000, 0x0000000081400000, 0x0000000081400000|100%|HS|  |TAMS 0x0000000081300000, 0x0000000081300000| Complete 
|  20|0x0000000081400000, 0x0000000081400000, 0x0000000081500000|  0%| F|  |TAMS 0x0000000081400000, 0x0000000081400000| Untracked 
|  21|0x0000000081500000, 0x0000000081500000, 0x0000000081600000|  0%| F|  |TAMS 0x0000000081500000, 0x0000000081500000| Untracked 
|  22|0x0000000081600000, 0x0000000081600000, 0x0000000081700000|  0%| F|  |TAMS 0x0000000081600000, 0x0000000081600000| Untracked 
|  23|0x0000000081700000, 0x0000000081700000, 0x0000000081800000|  0%| F|  |TAMS 0x0000000081700000, 0x0000000081700000| Untracked 
|  24|0x0000000081800000, 0x0000000081800000, 0x0000000081900000|  0%| F|  |TAMS 0x0000000081800000, 0x0000000081800000| Untracked 
|  25|0x0000000081900000, 0x0000000081900000, 0x0000000081a00000|  0%| F|  |TAMS 0x0000000081900000, 0x0000000081900000| Untracked 
|  26|0x0000000081a00000, 0x0000000081a00000, 0x0000000081b00000|  0%| F|  |TAMS 0x0000000081a00000, 0x0000000081a00000| Untracked 
|  27|0x0000000081b00000, 0x0000000081b00000, 0x0000000081c00000|  0%| F|  |TAMS 0x0000000081b00000, 0x0000000081b00000| Untracked 
|  28|0x0000000081c00000, 0x0000000081c00000, 0x0000000081d00000|  0%| F|  |TAMS 0x0000000081c00000, 0x0000000081c00000| Untracked 
|  29|0x0000000081d00000, 0x0000000081d00000, 0x0000000081e00000|  0%| F|  |TAMS 0x0000000081d00000, 0x0000000081d00000| Untracked 
|  30|0x0000000081e00000, 0x0000000081e00000, 0x0000000081f00000|  0%| F|  |TAMS 0x0000000081e00000, 0x0000000081e00000| Untracked 
|  31|0x0000000081f00000, 0x0000000081f00000, 0x0000000082000000|  0%| F|  |TAMS 0x0000000081f00000, 0x0000000081f00000| Untracked 
|  32|0x0000000082000000, 0x0000000082000000, 0x0000000082100000|  0%| F|  |TAMS 0x0000000082000000, 0x0000000082000000| Untracked 
|  33|0x0000000082100000, 0x0000000082100000, 0x0000000082200000|  0%| F|  |TAMS 0x0000000082100000, 0x0000000082100000| Untracked 
|  34|0x0000000082200000, 0x0000000082200000, 0x0000000082300000|  0%| F|  |TAMS 0x0000000082200000, 0x0000000082200000| Untracked 
|  35|0x0000000082300000, 0x0000000082300000, 0x0000000082400000|  0%| F|  |TAMS 0x0000000082300000, 0x0000000082300000| Untracked 
|  36|0x0000000082400000, 0x0000000082400000, 0x0000000082500000|  0%| F|  |TAMS 0x0000000082400000, 0x0000000082400000| Untracked 
|  37|0x0000000082500000, 0x0000000082500000, 0x0000000082600000|  0%| F|  |TAMS 0x0000000082500000, 0x0000000082500000| Untracked 
|  38|0x0000000082600000, 0x0000000082600000, 0x0000000082700000|  0%| F|  |TAMS 0x0000000082600000, 0x0000000082600000| Untracked 
|  39|0x0000000082700000, 0x0000000082700000, 0x0000000082800000|  0%| F|  |TAMS 0x0000000082700000, 0x0000000082700000| Untracked 
|  40|0x0000000082800000, 0x0000000082800000, 0x0000000082900000|  0%| F|  |TAMS 0x0000000082800000, 0x0000000082800000| Untracked 
|  41|0x0000000082900000, 0x0000000082900000, 0x0000000082a00000|  0%| F|  |TAMS 0x0000000082900000, 0x0000000082900000| Untracked 
|  42|0x0000000082a00000, 0x0000000082a00000, 0x0000000082b00000|  0%| F|  |TAMS 0x0000000082a00000, 0x0000000082a00000| Untracked 
|  43|0x0000000082b00000, 0x0000000082b00000, 0x0000000082c00000|  0%| F|  |TAMS 0x0000000082b00000, 0x0000000082b00000| Untracked 
|  44|0x0000000082c00000, 0x0000000082c00000, 0x0000000082d00000|  0%| F|  |TAMS 0x0000000082c00000, 0x0000000082c00000| Untracked 
|  45|0x0000000082d00000, 0x0000000082d00000, 0x0000000082e00000|  0%| F|  |TAMS 0x0000000082d00000, 0x0000000082d00000| Untracked 
|  46|0x0000000082e00000, 0x0000000082e00000, 0x0000000082f00000|  0%| F|  |TAMS 0x0000000082e00000, 0x0000000082e00000| Untracked 
|  47|0x0000000082f00000, 0x0000000082f00000, 0x0000000083000000|  0%| F|  |TAMS 0x0000000082f00000, 0x0000000082f00000| Untracked 
|  48|0x0000000083000000, 0x0000000083000000, 0x0000000083100000|  0%| F|  |TAMS 0x0000000083000000, 0x0000000083000000| Untracked 
|  49|0x0000000083100000, 0x0000000083100000, 0x0000000083200000|  0%| F|  |TAMS 0x0000000083100000, 0x0000000083100000| Untracked 
|  50|0x0000000083200000, 0x0000000083200000, 0x0000000083300000|  0%| F|  |TAMS 0x0000000083200000, 0x0000000083200000| Untracked 
|  51|0x0000000083300000, 0x0000000083300000, 0x0000000083400000|  0%| F|  |TAMS 0x0000000083300000, 0x0000000083300000| Untracked 
|  52|0x0000000083400000, 0x0000000083400000, 0x0000000083500000|  0%| F|  |TAMS 0x0000000083400000, 0x0000000083400000| Untracked 
|  53|0x0000000083500000, 0x0000000083500000, 0x0000000083600000|  0%| F|  |TAMS 0x0000000083500000, 0x0000000083500000| Untracked 
|  54|0x0000000083600000, 0x0000000083600000, 0x0000000083700000|  0%| F|  |TAMS 0x0000000083600000, 0x0000000083600000| Untracked 
|  55|0x0000000083700000, 0x0000000083700000, 0x0000000083800000|  0%| F|  |TAMS 0x0000000083700000, 0x0000000083700000| Untracked 
|  56|0x0000000083800000, 0x0000000083800000, 0x0000000083900000|  0%| F|  |TAMS 0x0000000083800000, 0x0000000083800000| Untracked 
|  57|0x0000000083900000, 0x0000000083900000, 0x0000000083a00000|  0%| F|  |TAMS 0x0000000083900000, 0x0000000083900000| Untracked 
|  58|0x0000000083a00000, 0x0000000083a00000, 0x0000000083b00000|  0%| F|  |TAMS 0x0000000083a00000, 0x0000000083a00000| Untracked 
|  59|0x0000000083b00000, 0x0000000083b00000, 0x0000000083c00000|  0%| F|  |TAMS 0x0000000083b00000, 0x0000000083b00000| Untracked 
|  60|0x0000000083c00000, 0x0000000083c00000, 0x0000000083d00000|  0%| F|  |TAMS 0x0000000083c00000, 0x0000000083c00000| Untracked 
|  61|0x0000000083d00000, 0x0000000083d00000, 0x0000000083e00000|  0%| F|  |TAMS 0x0000000083d00000, 0x0000000083d00000| Untracked 
|  62|0x0000000083e00000, 0x0000000083e00000, 0x0000000083f00000|  0%| F|  |TAMS 0x0000000083e00000, 0x0000000083e00000| Untracked 
|  63|0x0000000083f00000, 0x0000000083f00000, 0x0000000084000000|  0%| F|  |TAMS 0x0000000083f00000, 0x0000000083f00000| Untracked 
|  64|0x0000000084000000, 0x0000000084000000, 0x0000000084100000|  0%| F|  |TAMS 0x0000000084000000, 0x0000000084000000| Untracked 
|  65|0x0000000084100000, 0x0000000084100000, 0x0000000084200000|  0%| F|  |TAMS 0x0000000084100000, 0x0000000084100000| Untracked 
|  66|0x0000000084200000, 0x0000000084200000, 0x0000000084300000|  0%| F|  |TAMS 0x0000000084200000, 0x0000000084200000| Untracked 
|  67|0x0000000084300000, 0x0000000084300000, 0x0000000084400000|  0%| F|  |TAMS 0x0000000084300000, 0x0000000084300000| Untracked 
|  68|0x0000000084400000, 0x0000000084400000, 0x0000000084500000|  0%| F|  |TAMS 0x0000000084400000, 0x0000000084400000| Untracked 
|  69|0x0000000084500000, 0x0000000084500000, 0x0000000084600000|  0%| F|  |TAMS 0x0000000084500000, 0x0000000084500000| Untracked 
|  70|0x0000000084600000, 0x0000000084600000, 0x0000000084700000|  0%| F|  |TAMS 0x0000000084600000, 0x0000000084600000| Untracked 
|  71|0x0000000084700000, 0x0000000084700000, 0x0000000084800000|  0%| F|  |TAMS 0x0000000084700000, 0x0000000084700000| Untracked 
|  72|0x0000000084800000, 0x0000000084800000, 0x0000000084900000|  0%| F|  |TAMS 0x0000000084800000, 0x0000000084800000| Untracked 
|  73|0x0000000084900000, 0x0000000084900000, 0x0000000084a00000|  0%| F|  |TAMS 0x0000000084900000, 0x0000000084900000| Untracked 
|  74|0x0000000084a00000, 0x0000000084a00000, 0x0000000084b00000|  0%| F|  |TAMS 0x0000000084a00000, 0x0000000084a00000| Untracked 
|  75|0x0000000084b00000, 0x0000000084b00000, 0x0000000084c00000|  0%| F|  |TAMS 0x0000000084b00000, 0x0000000084b00000| Untracked 
|  76|0x0000000084c00000, 0x0000000084c00000, 0x0000000084d00000|  0%| F|  |TAMS 0x0000000084c00000, 0x0000000084c00000| Untracked 
|  77|0x0000000084d00000, 0x0000000084d00000, 0x0000000084e00000|  0%| F|  |TAMS 0x0000000084d00000, 0x0000000084d00000| Untracked 
|  78|0x0000000084e00000, 0x0000000084e00000, 0x0000000084f00000|  0%| F|  |TAMS 0x0000000084e00000, 0x0000000084e00000| Untracked 
|  79|0x0000000084f00000, 0x0000000084f00000, 0x0000000085000000|  0%| F|  |TAMS 0x0000000084f00000, 0x0000000084f00000| Untracked 
|  80|0x0000000085000000, 0x0000000085000000, 0x0000000085100000|  0%| F|  |TAMS 0x0000000085000000, 0x0000000085000000| Untracked 
|  81|0x0000000085100000, 0x0000000085100000, 0x0000000085200000|  0%| F|  |TAMS 0x0000000085100000, 0x0000000085100000| Untracked 
|  82|0x0000000085200000, 0x0000000085200000, 0x0000000085300000|  0%| F|  |TAMS 0x0000000085200000, 0x0000000085200000| Untracked 
|  83|0x0000000085300000, 0x0000000085300000, 0x0000000085400000|  0%| F|  |TAMS 0x0000000085300000, 0x0000000085300000| Untracked 
|  84|0x0000000085400000, 0x0000000085400000, 0x0000000085500000|  0%| F|  |TAMS 0x0000000085400000, 0x0000000085400000| Untracked 
|  85|0x0000000085500000, 0x0000000085500000, 0x0000000085600000|  0%| F|  |TAMS 0x0000000085500000, 0x0000000085500000| Untracked 
|  86|0x0000000085600000, 0x0000000085600000, 0x0000000085700000|  0%| F|  |TAMS 0x0000000085600000, 0x0000000085600000| Untracked 
|  87|0x0000000085700000, 0x0000000085700000, 0x0000000085800000|  0%| F|  |TAMS 0x0000000085700000, 0x0000000085700000| Untracked 
|  88|0x0000000085800000, 0x0000000085800000, 0x0000000085900000|  0%| F|  |TAMS 0x0000000085800000, 0x0000000085800000| Untracked 
|  89|0x0000000085900000, 0x0000000085900000, 0x0000000085a00000|  0%| F|  |TAMS 0x0000000085900000, 0x0000000085900000| Untracked 
|  90|0x0000000085a00000, 0x0000000085a00000, 0x0000000085b00000|  0%| F|  |TAMS 0x0000000085a00000, 0x0000000085a00000| Untracked 
|  91|0x0000000085b00000, 0x0000000085b00000, 0x0000000085c00000|  0%| F|  |TAMS 0x0000000085b00000, 0x0000000085b00000| Untracked 
|  92|0x0000000085c00000, 0x0000000085c00000, 0x0000000085d00000|  0%| F|  |TAMS 0x0000000085c00000, 0x0000000085c00000| Untracked 
|  93|0x0000000085d00000, 0x0000000085d00000, 0x0000000085e00000|  0%| F|  |TAMS 0x0000000085d00000, 0x0000000085d00000| Untracked 
|  94|0x0000000085e00000, 0x0000000085e00000, 0x0000000085f00000|  0%| F|  |TAMS 0x0000000085e00000, 0x0000000085e00000| Untracked 
|  95|0x0000000085f00000, 0x0000000085f00000, 0x0000000086000000|  0%| F|  |TAMS 0x0000000085f00000, 0x0000000085f00000| Untracked 
|  96|0x0000000086000000, 0x0000000086000000, 0x0000000086100000|  0%| F|  |TAMS 0x0000000086000000, 0x0000000086000000| Untracked 
|  97|0x0000000086100000, 0x0000000086100000, 0x0000000086200000|  0%| F|  |TAMS 0x0000000086100000, 0x0000000086100000| Untracked 
|  98|0x0000000086200000, 0x0000000086200000, 0x0000000086300000|  0%| F|  |TAMS 0x0000000086200000, 0x0000000086200000| Untracked 
|  99|0x0000000086300000, 0x0000000086300000, 0x0000000086400000|  0%| F|  |TAMS 0x0000000086300000, 0x0000000086300000| Untracked 
| 100|0x0000000086400000, 0x0000000086400000, 0x0000000086500000|  0%| F|  |TAMS 0x0000000086400000, 0x0000000086400000| Untracked 
| 101|0x0000000086500000, 0x0000000086500000, 0x0000000086600000|  0%| F|  |TAMS 0x0000000086500000, 0x0000000086500000| Untracked 
| 102|0x0000000086600000, 0x0000000086600000, 0x0000000086700000|  0%| F|  |TAMS 0x0000000086600000, 0x0000000086600000| Untracked 
| 103|0x0000000086700000, 0x0000000086700000, 0x0000000086800000|  0%| F|  |TAMS 0x0000000086700000, 0x0000000086700000| Untracked 
| 104|0x0000000086800000, 0x0000000086800000, 0x0000000086900000|  0%| F|  |TAMS 0x0000000086800000, 0x0000000086800000| Untracked 
| 105|0x0000000086900000, 0x0000000086900000, 0x0000000086a00000|  0%| F|  |TAMS 0x0000000086900000, 0x0000000086900000| Untracked 
| 106|0x0000000086a00000, 0x0000000086a00000, 0x0000000086b00000|  0%| F|  |TAMS 0x0000000086a00000, 0x0000000086a00000| Untracked 
| 107|0x0000000086b00000, 0x0000000086b00000, 0x0000000086c00000|  0%| F|  |TAMS 0x0000000086b00000, 0x0000000086b00000| Untracked 
| 108|0x0000000086c00000, 0x0000000086c00000, 0x0000000086d00000|  0%| F|  |TAMS 0x0000000086c00000, 0x0000000086c00000| Untracked 
| 109|0x0000000086d00000, 0x0000000086d00000, 0x0000000086e00000|  0%| F|  |TAMS 0x0000000086d00000, 0x0000000086d00000| Untracked 
| 110|0x0000000086e00000, 0x0000000086e00000, 0x0000000086f00000|  0%| F|  |TAMS 0x0000000086e00000, 0x0000000086e00000| Untracked 
| 111|0x0000000086f00000, 0x0000000086f00000, 0x0000000087000000|  0%| F|  |TAMS 0x0000000086f00000, 0x0000000086f00000| Untracked 
| 112|0x0000000087000000, 0x0000000087000000, 0x0000000087100000|  0%| F|  |TAMS 0x0000000087000000, 0x0000000087000000| Untracked 
| 113|0x0000000087100000, 0x0000000087100000, 0x0000000087200000|  0%| F|  |TAMS 0x0000000087100000, 0x0000000087100000| Untracked 
| 114|0x0000000087200000, 0x0000000087200000, 0x0000000087300000|  0%| F|  |TAMS 0x0000000087200000, 0x0000000087200000| Untracked 
| 115|0x0000000087300000, 0x0000000087300000, 0x0000000087400000|  0%| F|  |TAMS 0x0000000087300000, 0x0000000087300000| Untracked 
| 116|0x0000000087400000, 0x0000000087400000, 0x0000000087500000|  0%| F|  |TAMS 0x0000000087400000, 0x0000000087400000| Untracked 
| 117|0x0000000087500000, 0x0000000087500000, 0x0000000087600000|  0%| F|  |TAMS 0x0000000087500000, 0x0000000087500000| Untracked 
| 118|0x0000000087600000, 0x0000000087600000, 0x0000000087700000|  0%| F|  |TAMS 0x0000000087600000, 0x0000000087600000| Untracked 
| 119|0x0000000087700000, 0x0000000087780800, 0x0000000087800000| 50%| E|  |TAMS 0x0000000087700000, 0x0000000087700000| Complete 
| 120|0x0000000087800000, 0x0000000087900000, 0x0000000087900000|100%| E|CS|TAMS 0x0000000087800000, 0x0000000087800000| Complete 
| 121|0x0000000087900000, 0x0000000087a00000, 0x0000000087a00000|100%| E|CS|TAMS 0x0000000087900000, 0x0000000087900000| Complete 
| 122|0x0000000087a00000, 0x0000000087b00000, 0x0000000087b00000|100%| E|CS|TAMS 0x0000000087a00000, 0x0000000087a00000| Complete 
| 123|0x0000000087b00000, 0x0000000087c00000, 0x0000000087c00000|100%| E|CS|TAMS 0x0000000087b00000, 0x0000000087b00000| Complete 
| 124|0x0000000087c00000, 0x0000000087d00000, 0x0000000087d00000|100%| E|CS|TAMS 0x0000000087c00000, 0x0000000087c00000| Complete 
| 125|0x0000000087d00000, 0x0000000087e00000, 0x0000000087e00000|100%| E|CS|TAMS 0x0000000087d00000, 0x0000000087d00000| Complete 
| 126|0x0000000087e00000, 0x0000000087f00000, 0x0000000087f00000|100%| E|CS|TAMS 0x0000000087e00000, 0x0000000087e00000| Complete 
| 127|0x0000000087f00000, 0x0000000088000000, 0x0000000088000000|100%| E|CS|TAMS 0x0000000087f00000, 0x0000000087f00000| Complete 
| 128|0x0000000088000000, 0x0000000088100000, 0x0000000088100000|100%| E|CS|TAMS 0x0000000088000000, 0x0000000088000000| Complete 
| 129|0x0000000088100000, 0x0000000088200000, 0x0000000088200000|100%| E|CS|TAMS 0x0000000088100000, 0x0000000088100000| Complete 
| 130|0x0000000088200000, 0x0000000088300000, 0x0000000088300000|100%| E|CS|TAMS 0x0000000088200000, 0x0000000088200000| Complete 
| 131|0x0000000088300000, 0x0000000088400000, 0x0000000088400000|100%| E|CS|TAMS 0x0000000088300000, 0x0000000088300000| Complete 
| 132|0x0000000088400000, 0x0000000088500000, 0x0000000088500000|100%| E|CS|TAMS 0x0000000088400000, 0x0000000088400000| Complete 
| 133|0x0000000088500000, 0x0000000088546130, 0x0000000088600000| 27%| S|CS|TAMS 0x0000000088500000, 0x0000000088500000| Complete 
| 134|0x0000000088600000, 0x0000000088700000, 0x0000000088700000|100%| S|CS|TAMS 0x0000000088600000, 0x0000000088600000| Complete 
| 135|0x0000000088700000, 0x0000000088800000, 0x0000000088800000|100%| S|CS|TAMS 0x0000000088700000, 0x0000000088700000| Complete 
| 136|0x0000000088800000, 0x0000000088900000, 0x0000000088900000|100%| S|CS|TAMS 0x0000000088800000, 0x0000000088800000| Complete 
| 137|0x0000000088900000, 0x0000000088a00000, 0x0000000088a00000|100%| S|CS|TAMS 0x0000000088900000, 0x0000000088900000| Complete 
| 138|0x0000000088a00000, 0x0000000088b00000, 0x0000000088b00000|100%| S|CS|TAMS 0x0000000088a00000, 0x0000000088a00000| Complete 
| 139|0x0000000088b00000, 0x0000000088c00000, 0x0000000088c00000|100%| E|CS|TAMS 0x0000000088b00000, 0x0000000088b00000| Complete 
| 140|0x0000000088c00000, 0x0000000088d00000, 0x0000000088d00000|100%| E|CS|TAMS 0x0000000088c00000, 0x0000000088c00000| Complete 
| 141|0x0000000088d00000, 0x0000000088e00000, 0x0000000088e00000|100%| E|CS|TAMS 0x0000000088d00000, 0x0000000088d00000| Complete 
| 142|0x0000000088e00000, 0x0000000088f00000, 0x0000000088f00000|100%| E|CS|TAMS 0x0000000088e00000, 0x0000000088e00000| Complete 
| 143|0x0000000088f00000, 0x0000000089000000, 0x0000000089000000|100%| E|CS|TAMS 0x0000000088f00000, 0x0000000088f00000| Complete 
| 144|0x0000000089000000, 0x0000000089100000, 0x0000000089100000|100%| E|CS|TAMS 0x0000000089000000, 0x0000000089000000| Complete 
| 145|0x0000000089100000, 0x0000000089200000, 0x0000000089200000|100%| E|CS|TAMS 0x0000000089100000, 0x0000000089100000| Complete 
| 146|0x0000000089200000, 0x0000000089300000, 0x0000000089300000|100%| E|CS|TAMS 0x0000000089200000, 0x0000000089200000| Complete 
| 147|0x0000000089300000, 0x0000000089400000, 0x0000000089400000|100%| E|CS|TAMS 0x0000000089300000, 0x0000000089300000| Complete 
| 148|0x0000000089400000, 0x0000000089500000, 0x0000000089500000|100%| E|CS|TAMS 0x0000000089400000, 0x0000000089400000| Complete 
| 149|0x0000000089500000, 0x0000000089600000, 0x0000000089600000|100%| E|CS|TAMS 0x0000000089500000, 0x0000000089500000| Complete 
| 150|0x0000000089600000, 0x0000000089700000, 0x0000000089700000|100%| E|CS|TAMS 0x0000000089600000, 0x0000000089600000| Complete 
| 151|0x0000000089700000, 0x0000000089800000, 0x0000000089800000|100%| E|CS|TAMS 0x0000000089700000, 0x0000000089700000| Complete 
| 152|0x0000000089800000, 0x0000000089900000, 0x0000000089900000|100%| E|CS|TAMS 0x0000000089800000, 0x0000000089800000| Complete 
| 153|0x0000000089900000, 0x0000000089a00000, 0x0000000089a00000|100%| E|CS|TAMS 0x0000000089900000, 0x0000000089900000| Complete 
| 154|0x0000000089a00000, 0x0000000089b00000, 0x0000000089b00000|100%| E|CS|TAMS 0x0000000089a00000, 0x0000000089a00000| Complete 
| 155|0x0000000089b00000, 0x0000000089c00000, 0x0000000089c00000|100%| E|CS|TAMS 0x0000000089b00000, 0x0000000089b00000| Complete 
| 156|0x0000000089c00000, 0x0000000089d00000, 0x0000000089d00000|100%| E|CS|TAMS 0x0000000089c00000, 0x0000000089c00000| Complete 
| 157|0x0000000089d00000, 0x0000000089e00000, 0x0000000089e00000|100%| E|CS|TAMS 0x0000000089d00000, 0x0000000089d00000| Complete 
| 158|0x0000000089e00000, 0x0000000089f00000, 0x0000000089f00000|100%| E|CS|TAMS 0x0000000089e00000, 0x0000000089e00000| Complete 
| 159|0x0000000089f00000, 0x000000008a000000, 0x000000008a000000|100%| E|  |TAMS 0x0000000089f00000, 0x0000000089f00000| Complete 
| 160|0x000000008a000000, 0x000000008a100000, 0x000000008a100000|100%| E|CS|TAMS 0x000000008a000000, 0x000000008a000000| Complete 
| 161|0x000000008a100000, 0x000000008a200000, 0x000000008a200000|100%| E|CS|TAMS 0x000000008a100000, 0x000000008a100000| Complete 
| 162|0x000000008a200000, 0x000000008a300000, 0x000000008a300000|100%| E|CS|TAMS 0x000000008a200000, 0x000000008a200000| Complete 
| 163|0x000000008a300000, 0x000000008a400000, 0x000000008a400000|100%| E|CS|TAMS 0x000000008a300000, 0x000000008a300000| Complete 
| 164|0x000000008a400000, 0x000000008a500000, 0x000000008a500000|100%| E|CS|TAMS 0x000000008a400000, 0x000000008a400000| Complete 
| 165|0x000000008a500000, 0x000000008a600000, 0x000000008a600000|100%| E|CS|TAMS 0x000000008a500000, 0x000000008a500000| Complete 
| 166|0x000000008a600000, 0x000000008a700000, 0x000000008a700000|100%| E|CS|TAMS 0x000000008a600000, 0x000000008a600000| Complete 
| 167|0x000000008a700000, 0x000000008a800000, 0x000000008a800000|100%| E|CS|TAMS 0x000000008a700000, 0x000000008a700000| Complete 
| 168|0x000000008a800000, 0x000000008a900000, 0x000000008a900000|100%| E|CS|TAMS 0x000000008a800000, 0x000000008a800000| Complete 
| 169|0x000000008a900000, 0x000000008aa00000, 0x000000008aa00000|100%| E|CS|TAMS 0x000000008a900000, 0x000000008a900000| Complete 
| 170|0x000000008aa00000, 0x000000008ab00000, 0x000000008ab00000|100%| E|CS|TAMS 0x000000008aa00000, 0x000000008aa00000| Complete 
| 171|0x000000008ab00000, 0x000000008ac00000, 0x000000008ac00000|100%| E|CS|TAMS 0x000000008ab00000, 0x000000008ab00000| Complete 
| 172|0x000000008ac00000, 0x000000008ad00000, 0x000000008ad00000|100%| E|CS|TAMS 0x000000008ac00000, 0x000000008ac00000| Complete 
| 173|0x000000008ad00000, 0x000000008ae00000, 0x000000008ae00000|100%| E|CS|TAMS 0x000000008ad00000, 0x000000008ad00000| Complete 
| 174|0x000000008ae00000, 0x000000008af00000, 0x000000008af00000|100%| E|CS|TAMS 0x000000008ae00000, 0x000000008ae00000| Complete 
| 175|0x000000008af00000, 0x000000008b000000, 0x000000008b000000|100%| E|CS|TAMS 0x000000008af00000, 0x000000008af00000| Complete 
| 176|0x000000008b000000, 0x000000008b100000, 0x000000008b100000|100%| E|CS|TAMS 0x000000008b000000, 0x000000008b000000| Complete 
| 177|0x000000008b100000, 0x000000008b200000, 0x000000008b200000|100%| E|CS|TAMS 0x000000008b100000, 0x000000008b100000| Complete 
| 178|0x000000008b200000, 0x000000008b300000, 0x000000008b300000|100%| E|CS|TAMS 0x000000008b200000, 0x000000008b200000| Complete 
| 179|0x000000008b300000, 0x000000008b400000, 0x000000008b400000|100%| E|CS|TAMS 0x000000008b300000, 0x000000008b300000| Complete 
| 180|0x000000008b400000, 0x000000008b500000, 0x000000008b500000|100%| E|CS|TAMS 0x000000008b400000, 0x000000008b400000| Complete 
| 181|0x000000008b500000, 0x000000008b600000, 0x000000008b600000|100%| E|CS|TAMS 0x000000008b500000, 0x000000008b500000| Complete 
| 182|0x000000008b600000, 0x000000008b700000, 0x000000008b700000|100%| E|CS|TAMS 0x000000008b600000, 0x000000008b600000| Complete 
| 183|0x000000008b700000, 0x000000008b800000, 0x000000008b800000|100%| E|CS|TAMS 0x000000008b700000, 0x000000008b700000| Complete 
| 184|0x000000008b800000, 0x000000008b900000, 0x000000008b900000|100%| E|CS|TAMS 0x000000008b800000, 0x000000008b800000| Complete 
| 185|0x000000008b900000, 0x000000008ba00000, 0x000000008ba00000|100%| E|CS|TAMS 0x000000008b900000, 0x000000008b900000| Complete 
| 186|0x000000008ba00000, 0x000000008bb00000, 0x000000008bb00000|100%| E|CS|TAMS 0x000000008ba00000, 0x000000008ba00000| Complete 
| 187|0x000000008bb00000, 0x000000008bc00000, 0x000000008bc00000|100%| E|CS|TAMS 0x000000008bb00000, 0x000000008bb00000| Complete 
| 188|0x000000008bc00000, 0x000000008bd00000, 0x000000008bd00000|100%| E|CS|TAMS 0x000000008bc00000, 0x000000008bc00000| Complete 
| 189|0x000000008bd00000, 0x000000008be00000, 0x000000008be00000|100%| E|CS|TAMS 0x000000008bd00000, 0x000000008bd00000| Complete 
| 190|0x000000008be00000, 0x000000008bf00000, 0x000000008bf00000|100%| E|CS|TAMS 0x000000008be00000, 0x000000008be00000| Complete 
| 191|0x000000008bf00000, 0x000000008c000000, 0x000000008c000000|100%| E|CS|TAMS 0x000000008bf00000, 0x000000008bf00000| Complete 

Card table byte_map: [0x000001e7a9460000,0x000001e7a9860000] _byte_map_base: 0x000001e7a9060000

Marking Bits (Prev, Next): (CMBitMap*) 0x000001e7963fc6e8, (CMBitMap*) 0x000001e7963fc720
 Prev Bits: [0x000001e7a9c60000, 0x000001e7abc60000)
 Next Bits: [0x000001e7abc60000, 0x000001e7adc60000)

Polling page: 0x000001e7941e0000

Metaspace:

Usage:
  Non-class:     35.75 MB capacity,    35.16 MB ( 98%) used,   518.89 KB (  1%) free+waste,    79.50 KB ( <1%) overhead. 
      Class:      5.45 MB capacity,     5.16 MB ( 95%) used,   260.11 KB (  5%) free+waste,    37.94 KB ( <1%) overhead. 
       Both:     41.19 MB capacity,    40.32 MB ( 98%) used,   779.00 KB (  2%) free+waste,   117.44 KB ( <1%) overhead. 

Virtual space:
  Non-class space:       36.00 MB reserved,      35.75 MB (>99%) committed 
      Class space:        1.00 GB reserved,       5.50 MB ( <1%) committed 
             Both:        1.04 GB reserved,      41.25 MB (  4%) committed 

Chunk freelists:
   Non-Class:  5.00 KB
       Class:  23.00 KB
        Both:  28.00 KB

MaxMetaspaceSize: 17179869184.00 GB
CompressedClassSpaceSize: 1.00 GB

CodeHeap 'non-profiled nmethods': size=120000Kb used=1692Kb max_used=1692Kb free=118307Kb
 bounds [0x000001e7a1800000, 0x000001e7a1a70000, 0x000001e7a8d30000]
CodeHeap 'profiled nmethods': size=120000Kb used=6425Kb max_used=6425Kb free=113574Kb
 bounds [0x000001e79a2d0000, 0x000001e79a920000, 0x000001e7a1800000]
CodeHeap 'non-nmethods': size=5760Kb used=2183Kb max_used=2211Kb free=3576Kb
 bounds [0x000001e799d30000, 0x000001e799fa0000, 0x000001e79a2d0000]
 total_blobs=3828 nmethods=3086 adapters=653
 compilation: enabled
              stopped_count=0, restarted_count=0
 full_count=0

Compilation events (20 events):
Event: 6.614 Thread 0x000001e7b0f58800 3290       3       java.util.ArrayList::<init> (63 bytes)
Event: 6.614 Thread 0x000001e7b0f58800 nmethod 3290 0x000001e79a90e610 code [0x000001e79a90e820, 0x000001e79a90ed78]
Event: 6.616 Thread 0x000001e7b0f58800 3291       3       com.google.common.base.Equivalence$Equals::doHash (5 bytes)
Event: 6.616 Thread 0x000001e7b0f58800 nmethod 3291 0x000001e79a90ef10 code [0x000001e79a90f0c0, 0x000001e79a90f288]
Event: 6.617 Thread 0x000001e7b0f58800 3292       3       java.lang.reflect.Method::isSynthetic (5 bytes)
Event: 6.618 Thread 0x000001e7b0f58800 nmethod 3292 0x000001e79a90f390 code [0x000001e79a90f560, 0x000001e79a90f798]
Event: 6.618 Thread 0x000001e7b0f58800 3293       3       java.beans.FeatureDescriptor::<init> (137 bytes)
Event: 6.618 Thread 0x000001e7b0f58800 nmethod 3293 0x000001e79a90f890 code [0x000001e79a90fb40, 0x000001e79a910938]
Event: 6.619 Thread 0x000001e7b0f58800 3294       3       java.beans.MethodRef::isSet (13 bytes)
Event: 6.619 Thread 0x000001e7b0f58800 nmethod 3294 0x000001e79a910c90 code [0x000001e79a910e40, 0x000001e79a910f98]
Event: 6.619 Thread 0x000001e7b0f58800 3295       3       groovy.lang.MetaClassImpl::addMetaBeanProperty (119 bytes)
Event: 6.620 Thread 0x000001e7b0f58800 nmethod 3295 0x000001e79a911010 code [0x000001e79a9112e0, 0x000001e79a912868]
Event: 6.621 Thread 0x000001e7b0f58800 3296       1       groovy.lang.MetaClassImpl$MethodIndexAction::skipClass (2 bytes)
Event: 6.621 Thread 0x000001e7b0f58800 nmethod 3296 0x000001e7a19a5090 code [0x000001e7a19a5240, 0x000001e7a19a52f8]
Event: 6.622 Thread 0x000001e7b0f58800 3297       3       java.util.HashMap::values (25 bytes)
Event: 6.623 Thread 0x000001e7b0f58800 nmethod 3297 0x000001e79a912d10 code [0x000001e79a912ee0, 0x000001e79a913258]
Event: 6.623 Thread 0x000001e7b0f58800 3298       3       com.sun.beans.util.Cache::getEntryValue (33 bytes)
Event: 6.623 Thread 0x000001e7b0f58800 nmethod 3298 0x000001e79a913390 code [0x000001e79a913580, 0x000001e79a913a48]
Event: 6.630 Thread 0x000001e7b0f58800 3299       3       java.net.URI::match (56 bytes)
Event: 6.631 Thread 0x000001e7b0f58800 nmethod 3299 0x000001e79a913c10 code [0x000001e79a913dc0, 0x000001e79a914078]

GC Heap History (8 events):
Event: 1.019 GC heap before
{Heap before GC invocations=0 (full 0):
 garbage-first heap   total 196608K, used 29696K [0x0000000080000000, 0x0000000100000000)
  region size 1024K, 24 young (24576K), 0 survivors (0K)
 Metaspace       used 10373K, capacity 10641K, committed 11008K, reserved 1058816K
  class space    used 1092K, capacity 1163K, committed 1280K, reserved 1048576K
}
Event: 1.025 GC heap after
{Heap after GC invocations=1 (full 0):
 garbage-first heap   total 196608K, used 8731K [0x0000000080000000, 0x0000000100000000)
  region size 1024K, 3 young (3072K), 3 survivors (3072K)
 Metaspace       used 10373K, capacity 10641K, committed 11008K, reserved 1058816K
  class space    used 1092K, capacity 1163K, committed 1280K, reserved 1048576K
}
Event: 4.142 GC heap before
{Heap before GC invocations=1 (full 0):
 garbage-first heap   total 196608K, used 93723K [0x0000000080000000, 0x0000000100000000)
  region size 1024K, 88 young (90112K), 3 survivors (3072K)
 Metaspace       used 20637K, capacity 21109K, committed 21248K, reserved 1067008K
  class space    used 2532K, capacity 2710K, committed 2816K, reserved 1048576K
}
Event: 4.153 GC heap after
{Heap after GC invocations=2 (full 0):
 garbage-first heap   total 196608K, used 15682K [0x0000000080000000, 0x0000000100000000)
  region size 1024K, 10 young (10240K), 10 survivors (10240K)
 Metaspace       used 20637K, capacity 21109K, committed 21248K, reserved 1067008K
  class space    used 2532K, capacity 2710K, committed 2816K, reserved 1048576K
}
Event: 4.850 GC heap before
{Heap before GC invocations=3 (full 0):
 garbage-first heap   total 196608K, used 62786K [0x0000000080000000, 0x0000000100000000)
  region size 1024K, 57 young (58368K), 10 survivors (10240K)
 Metaspace       used 26075K, capacity 26675K, committed 27008K, reserved 1073152K
  class space    used 3407K, capacity 3632K, committed 3712K, reserved 1048576K
}
Event: 4.859 GC heap after
{Heap after GC invocations=4 (full 0):
 garbage-first heap   total 196608K, used 17966K [0x0000000080000000, 0x0000000100000000)
  region size 1024K, 3 young (3072K), 3 survivors (3072K)
 Metaspace       used 26075K, capacity 26675K, committed 27008K, reserved 1073152K
  class space    used 3407K, capacity 3632K, committed 3712K, reserved 1048576K
}
Event: 5.764 GC heap before
{Heap before GC invocations=4 (full 0):
 garbage-first heap   total 196608K, used 67118K [0x0000000080000000, 0x0000000100000000)
  region size 1024K, 53 young (54272K), 3 survivors (3072K)
 Metaspace       used 35007K, capacity 35737K, committed 35840K, reserved 1081344K
  class space    used 4554K, capacity 4824K, committed 4864K, reserved 1048576K
}
Event: 5.772 GC heap after
{Heap after GC invocations=5 (full 0):
 garbage-first heap   total 196608K, used 21000K [0x0000000080000000, 0x0000000100000000)
  region size 1024K, 6 young (6144K), 6 survivors (6144K)
 Metaspace       used 35007K, capacity 35737K, committed 35840K, reserved 1081344K
  class space    used 4554K, capacity 4824K, committed 4864K, reserved 1048576K
}

Deoptimization events (20 events):
Event: 6.301 Thread 0x000001e7b26bb000 Uncommon trap: trap_request=0xffffff4d fr.pc=0x000001e7a18fcbe8 relative=0x0000000000005f08
Event: 6.301 Thread 0x000001e7b26bb000 Uncommon trap: reason=unstable_if action=reinterpret pc=0x000001e7a18fcbe8 method=java.net.URLClassLoader.defineClass(Ljava/lang/String;Ljdk/internal/loader/Resource;)Ljava/lang/Class; @ 21 c2
Event: 6.301 Thread 0x000001e7b26bb000 DEOPT PACKING pc=0x000001e7a18fcbe8 sp=0x00000004504f9350
Event: 6.301 Thread 0x000001e7b26bb000 DEOPT UNPACKING pc=0x000001e799d5742f sp=0x00000004504f9308 mode 2
Event: 6.389 Thread 0x000001e7b26bb000 Uncommon trap: trap_request=0xffffff4d fr.pc=0x000001e7a1988884 relative=0x0000000000001e64
Event: 6.389 Thread 0x000001e7b26bb000 Uncommon trap: reason=unstable_if action=reinterpret pc=0x000001e7a1988884 method=org.codehaus.groovy.runtime.metaclass.MetaMethodIndex.addMethodToList(Ljava/lang/Object;Lgroovy/lang/MetaMethod;)Ljava/lang/Object; @ 226 c2
Event: 6.389 Thread 0x000001e7b26bb000 DEOPT PACKING pc=0x000001e7a1988884 sp=0x00000004504f9460
Event: 6.389 Thread 0x000001e7b26bb000 DEOPT UNPACKING pc=0x000001e799d5742f sp=0x00000004504f9420 mode 2
Event: 6.629 Thread 0x000001e7b26bb000 Uncommon trap: trap_request=0xffffff4d fr.pc=0x000001e7a186ad90 relative=0x00000000000001d0
Event: 6.629 Thread 0x000001e7b26bb000 Uncommon trap: reason=unstable_if action=reinterpret pc=0x000001e7a186ad90 method=java.net.URI$Parser.scan(IILjava/lang/String;)I @ 26 c2
Event: 6.629 Thread 0x000001e7b26bb000 DEOPT PACKING pc=0x000001e7a186ad90 sp=0x00000004504f9910
Event: 6.629 Thread 0x000001e7b26bb000 DEOPT UNPACKING pc=0x000001e799d5742f sp=0x00000004504f98a0 mode 2
Event: 6.629 Thread 0x000001e7b26bb000 Uncommon trap: trap_request=0xffffff4d fr.pc=0x000001e7a18488dc relative=0x000000000000011c
Event: 6.629 Thread 0x000001e7b26bb000 Uncommon trap: reason=unstable_if action=reinterpret pc=0x000001e7a18488dc method=java.net.URI.match(CJJ)Z @ 45 c2
Event: 6.629 Thread 0x000001e7b26bb000 DEOPT PACKING pc=0x000001e7a18488dc sp=0x00000004504f9680
Event: 6.629 Thread 0x000001e7b26bb000 DEOPT UNPACKING pc=0x000001e799d5742f sp=0x00000004504f95b8 mode 2
Event: 6.629 Thread 0x000001e7b26bb000 Uncommon trap: trap_request=0xffffff4d fr.pc=0x000001e7a181aa68 relative=0x0000000000000048
Event: 6.629 Thread 0x000001e7b26bb000 Uncommon trap: reason=unstable_if action=reinterpret pc=0x000001e7a181aa68 method=java.net.URI.match(CJJ)Z @ 19 c2
Event: 6.629 Thread 0x000001e7b26bb000 DEOPT PACKING pc=0x000001e7a181aa68 sp=0x00000004504f9690
Event: 6.629 Thread 0x000001e7b26bb000 DEOPT UNPACKING pc=0x000001e799d5742f sp=0x00000004504f9640 mode 2

Classes redefined (0 events):
No events

Internal exceptions (20 events):
Event: 6.440 Thread 0x000001e7b26bb000 Exception <a 'java/lang/ClassNotFoundException'{0x00000000892f5940}: org/gradle/api/internal/DefaultDomainObjectCollectionBeanInfo> (0x00000000892f5940) thrown at [./src/hotspot/share/classfile/systemDictionary.cpp, line 231]
Event: 6.440 Thread 0x000001e7b26bb000 Exception <a 'java/lang/ClassNotFoundException'{0x00000000892fb3e8}: java/util/AbstractCollectionBeanInfo> (0x00000000892fb3e8) thrown at [./src/hotspot/share/classfile/systemDictionary.cpp, line 231]
Event: 6.440 Thread 0x000001e7b26bb000 Exception <a 'java/lang/ClassNotFoundException'{0x0000000089101458}: java/util/AbstractCollectionCustomizer> (0x0000000089101458) thrown at [./src/hotspot/share/classfile/systemDictionary.cpp, line 231]
Event: 6.442 Thread 0x000001e7b26bb000 Exception <a 'java/lang/ClassNotFoundException'{0x000000008912d208}: org/gradle/api/internal/DefaultDomainObjectCollectionCustomizer> (0x000000008912d208) thrown at [./src/hotspot/share/classfile/systemDictionary.cpp, line 231]
Event: 6.445 Thread 0x000001e7b26bb000 Exception <a 'java/lang/ClassNotFoundException'{0x000000008916e298}: org/gradle/api/internal/DefaultNamedDomainObjectCollectionCustomizer> (0x000000008916e298) thrown at [./src/hotspot/share/classfile/systemDictionary.cpp, line 231]
Event: 6.448 Thread 0x000001e7b26bb000 Exception <a 'java/lang/ClassNotFoundException'{0x00000000891c2e28}: org/gradle/api/internal/DefaultNamedDomainObjectListCustomizer> (0x00000000891c2e28) thrown at [./src/hotspot/share/classfile/systemDictionary.cpp, line 231]
Event: 6.451 Thread 0x000001e7b26bb000 Exception <a 'java/lang/ClassNotFoundException'{0x000000008900f1d0}: org/gradle/api/internal/artifacts/DefaultArtifactRepositoryContainerCustomizer> (0x000000008900f1d0) thrown at [./src/hotspot/share/classfile/systemDictionary.cpp, line 231]
Event: 6.453 Thread 0x000001e7b26bb000 Exception <a 'java/lang/ClassNotFoundException'{0x0000000089050f98}: org/gradle/api/internal/artifacts/dsl/DefaultRepositoryHandlerCustomizer> (0x0000000089050f98) thrown at [./src/hotspot/share/classfile/systemDictionary.cpp, line 231]
Event: 6.456 Thread 0x000001e7b26bb000 Exception <a 'java/lang/ClassNotFoundException'{0x00000000890a43b8}: org/gradle/api/internal/artifacts/dsl/DefaultRepositoryHandler_DecoratedCustomizer> (0x00000000890a43b8) thrown at [./src/hotspot/share/classfile/systemDictionary.cpp, line 231]
Event: 6.495 Thread 0x000001e7b26bb000 Exception <a 'java/lang/NoSuchMethodError'{0x0000000088dfeee0}: 'int java.lang.invoke.DirectMethodHandle$Holder.invokeStaticInit(java.lang.Object, java.lang.Object, java.lang.Object, java.lang.Object)'> (0x0000000088dfeee0) thrown at [./src/hotspot/share/interpreter/linkResolver.cpp, line 773]
Event: 6.598 Thread 0x000001e7b26bb000 Exception <a 'java/lang/ClassNotFoundException'{0x0000000088076708}: org/gradle/api/internal/artifacts/dsl/dependencies/DefaultDependencyHandler_DecoratedBeanInfo> (0x0000000088076708) thrown at [./src/hotspot/share/classfile/systemDictionary.cpp, line 231]
Event: 6.598 Thread 0x000001e7b26bb000 Exception <a 'java/lang/ClassNotFoundException'{0x00000000880ab748}: org/gradle/api/internal/artifacts/dsl/dependencies/DefaultDependencyHandlerBeanInfo> (0x00000000880ab748) thrown at [./src/hotspot/share/classfile/systemDictionary.cpp, line 231]
Event: 6.599 Thread 0x000001e7b26bb000 Exception <a 'java/lang/ClassNotFoundException'{0x00000000880e0820}: org/gradle/api/internal/artifacts/dsl/dependencies/DefaultDependencyHandlerCustomizer> (0x00000000880e0820) thrown at [./src/hotspot/share/classfile/systemDictionary.cpp, line 231]
Event: 6.601 Thread 0x000001e7b26bb000 Exception <a 'java/lang/ClassNotFoundException'{0x0000000087f34ea8}: org/gradle/api/internal/artifacts/dsl/dependencies/DefaultDependencyHandler_DecoratedCustomizer> (0x0000000087f34ea8) thrown at [./src/hotspot/share/classfile/systemDictionary.cpp, line 231]
Event: 6.616 Thread 0x000001e7b26bb000 Exception <a 'java/lang/ClassNotFoundException'{0x0000000087ebc998}: groovy/lang/GString$1BeanInfo> (0x0000000087ebc998) thrown at [./src/hotspot/share/classfile/systemDictionary.cpp, line 231]
Event: 6.617 Thread 0x000001e7b26bb000 Exception <a 'java/lang/ClassNotFoundException'{0x0000000087ed85a8}: groovy/lang/GStringBeanInfo> (0x0000000087ed85a8) thrown at [./src/hotspot/share/classfile/systemDictionary.cpp, line 231]
Event: 6.617 Thread 0x000001e7b26bb000 Exception <a 'java/lang/ClassNotFoundException'{0x0000000087ef3c70}: groovy/lang/GStringCustomizer> (0x0000000087ef3c70) thrown at [./src/hotspot/share/classfile/systemDictionary.cpp, line 231]
Event: 6.618 Thread 0x000001e7b26bb000 Exception <a 'java/lang/ClassNotFoundException'{0x0000000087d18da8}: groovy/lang/GString$1Customizer> (0x0000000087d18da8) thrown at [./src/hotspot/share/classfile/systemDictionary.cpp, line 231]
Event: 6.622 Thread 0x000001e7b26bb000 Exception <a 'java/lang/ClassNotFoundException'{0x0000000087db1028}: org/codehaus/groovy/runtime/GStringImplBeanInfo> (0x0000000087db1028) thrown at [./src/hotspot/share/classfile/systemDictionary.cpp, line 231]
Event: 6.622 Thread 0x000001e7b26bb000 Exception <a 'java/lang/ClassNotFoundException'{0x0000000087dcf100}: org/codehaus/groovy/runtime/GStringImplCustomizer> (0x0000000087dcf100) thrown at [./src/hotspot/share/classfile/systemDictionary.cpp, line 231]

Events (20 events):
Event: 6.640 loading class org/gradle/api/internal/artifacts/ivyservice/resolveengine/oldresult/TransientConfigurationResultsBuilder
Event: 6.640 loading class org/gradle/api/internal/artifacts/ivyservice/resolveengine/oldresult/TransientConfigurationResultsBuilder done
Event: 6.641 loading class org/gradle/api/internal/artifacts/ivyservice/resolveengine/oldresult/TransientConfigurationResults
Event: 6.641 loading class org/gradle/api/internal/artifacts/ivyservice/resolveengine/oldresult/TransientConfigurationResults done
Event: 6.642 loading class org/gradle/api/artifacts/ResolvedDependency
Event: 6.642 loading class org/gradle/api/artifacts/ResolvedDependency done
Event: 6.642 loading class org/gradle/api/internal/artifacts/ResolvedConfigurationIdentifierSerializer
Event: 6.642 loading class org/gradle/api/internal/artifacts/ResolvedConfigurationIdentifierSerializer done
Event: 6.642 loading class org/gradle/api/internal/artifacts/ivyservice/resolveengine/oldresult/DefaultResolvedConfigurationBuilder
Event: 6.642 loading class org/gradle/api/internal/artifacts/ivyservice/resolveengine/oldresult/DefaultResolvedConfigurationBuilder done
Event: 6.643 loading class org/gradle/api/internal/artifacts/ivyservice/resolveengine/oldresult/ResolvedGraphResults
Event: 6.643 loading class org/gradle/api/internal/artifacts/ivyservice/resolveengine/oldresult/ResolvedGraphResults done
Event: 6.643 loading class org/gradle/api/internal/artifacts/ivyservice/resolveengine/oldresult/ResolvedConfigurationDependencyGraphVisitor
Event: 6.643 loading class org/gradle/api/internal/artifacts/ivyservice/resolveengine/oldresult/ResolvedConfigurationDependencyGraphVisitor done
Event: 6.644 loading class org/gradle/api/internal/artifacts/ivyservice/resolveengine/graph/DependencyGraphNode
Event: 6.644 loading class org/gradle/api/internal/artifacts/ivyservice/resolveengine/graph/DependencyGraphNode done
Event: 6.646 loading class org/gradle/api/internal/artifacts/ivyservice/resolveengine/result/StreamingResolutionResultBuilder
Event: 6.646 loading class org/gradle/api/internal/artifacts/ivyservice/resolveengine/result/StreamingResolutionResultBuilder done
Event: 6.647 loading class org/gradle/api/internal/artifacts/ivyservice/resolveengine/graph/ResolvedGraphComponent
Event: 6.647 loading class org/gradle/api/internal/artifacts/ivyservice/resolveengine/graph/ResolvedGraphComponent done


Dynamic libraries:
0x00007ff795030000 - 0x00007ff79503a000 	D:\AndroidStudioAhii\jre\bin\java.exe
0x00007ff815730000 - 0x00007ff81591d000 	C:\Windows\SYSTEM32\ntdll.dll
0x00007ff813220000 - 0x00007ff8132d3000 	C:\Windows\System32\KERNEL32.DLL
0x00007ff811b70000 - 0x00007ff811e03000 	C:\Windows\System32\KERNELBASE.dll
0x00007ff812110000 - 0x00007ff81220c000 	C:\Windows\System32\ucrtbase.dll
0x00007ff80bb20000 - 0x00007ff80bb39000 	D:\AndroidStudioAhii\jre\bin\jli.dll
0x00007ff801120000 - 0x00007ff801137000 	D:\AndroidStudioAhii\jre\bin\VCRUNTIME140.dll
0x00007ff813620000 - 0x00007ff8137b7000 	C:\Windows\System32\USER32.dll
0x00007ff8013b0000 - 0x00007ff801629000 	C:\Windows\WinSxS\amd64_microsoft.windows.common-controls_6595b64144ccf1df_6.0.17763.107_none_05b63884071e656e\COMCTL32.dll
0x00007ff811ff0000 - 0x00007ff812010000 	C:\Windows\System32\win32u.dll
0x00007ff813150000 - 0x00007ff8131ee000 	C:\Windows\System32\msvcrt.dll
0x00007ff8131f0000 - 0x00007ff813219000 	C:\Windows\System32\GDI32.dll
0x00007ff8119d0000 - 0x00007ff811b6a000 	C:\Windows\System32\gdi32full.dll
0x00007ff8137c0000 - 0x00007ff813aee000 	C:\Windows\System32\combase.dll
0x00007ff8118a0000 - 0x00007ff811940000 	C:\Windows\System32\msvcp_win.dll
0x00007ff813490000 - 0x00007ff8135b3000 	C:\Windows\System32\RPCRT4.dll
0x00007ff811820000 - 0x00007ff81189e000 	C:\Windows\System32\bcryptPrimitives.dll
0x00007ff815400000 - 0x00007ff81542e000 	C:\Windows\System32\IMM32.DLL
0x00007fffe8210000 - 0x00007fffe82ad000 	D:\AndroidStudioAhii\jre\bin\msvcp140.dll
0x00007fffe5030000 - 0x00007fffe5aec000 	D:\AndroidStudioAhii\jre\bin\server\jvm.dll
0x00007ff8130a0000 - 0x00007ff813143000 	C:\Windows\System32\ADVAPI32.dll
0x00007ff813e70000 - 0x00007ff813f0e000 	C:\Windows\System32\sechost.dll
0x00007ff815580000 - 0x00007ff815588000 	C:\Windows\System32\PSAPI.DLL
0x00007ff80d310000 - 0x00007ff80d319000 	C:\Windows\SYSTEM32\WSOCK32.dll
0x00007ff80ad30000 - 0x00007ff80ad3a000 	C:\Windows\SYSTEM32\VERSION.dll
0x00007ff80e500000 - 0x00007ff80e524000 	C:\Windows\SYSTEM32\WINMM.dll
0x00007ff815430000 - 0x00007ff81549d000 	C:\Windows\System32\WS2_32.dll
0x00007ff80e4d0000 - 0x00007ff80e4fd000 	C:\Windows\SYSTEM32\winmmbase.dll
0x00007ff812010000 - 0x00007ff81205a000 	C:\Windows\System32\cfgmgr32.dll
0x00007ff8117e0000 - 0x00007ff8117f1000 	C:\Windows\System32\kernel.appcore.dll
0x00007ff80d2f0000 - 0x00007ff80d301000 	D:\AndroidStudioAhii\jre\bin\verify.dll
0x00007ff805500000 - 0x00007ff8056ed000 	C:\Windows\SYSTEM32\DBGHELP.DLL
0x00007ff804be0000 - 0x00007ff804c0a000 	C:\Windows\SYSTEM32\dbgcore.DLL
0x00007ff80b500000 - 0x00007ff80b529000 	D:\AndroidStudioAhii\jre\bin\java.dll
0x00007ff80d110000 - 0x00007ff80d11b000 	D:\AndroidStudioAhii\jre\bin\jimage.dll
0x00007ff80b4e0000 - 0x00007ff80b4f8000 	D:\AndroidStudioAhii\jre\bin\zip.dll
0x00007ff813f10000 - 0x00007ff8153ff000 	C:\Windows\System32\SHELL32.dll
0x00007ff813bd0000 - 0x00007ff813c78000 	C:\Windows\System32\shcore.dll
0x00007ff812210000 - 0x00007ff812958000 	C:\Windows\System32\windows.storage.dll
0x00007ff811730000 - 0x00007ff811754000 	C:\Windows\System32\profapi.dll
0x00007ff811780000 - 0x00007ff8117dd000 	C:\Windows\System32\powrprof.dll
0x00007ff813af0000 - 0x00007ff813b42000 	C:\Windows\System32\shlwapi.dll
0x00007ff811800000 - 0x00007ff811817000 	C:\Windows\System32\cryptsp.dll
0x00007ff80b4c0000 - 0x00007ff80b4da000 	D:\AndroidStudioAhii\jre\bin\net.dll
0x00007ff807f80000 - 0x00007ff808071000 	C:\Windows\SYSTEM32\WINHTTP.dll
0x00007ff810fc0000 - 0x00007ff811027000 	C:\Windows\system32\mswsock.dll
0x00007ff80b4a0000 - 0x00007ff80b4b4000 	D:\AndroidStudioAhii\jre\bin\nio.dll
0x00007ffff4b20000 - 0x00007ffff4b46000 	C:\Users\NangPro\.gradle\native\fdc75f09e3144964f2cf3f50f0aa648679c211496f362492102eb8c894070792\windows-amd64\native-platform.dll
0x00007fffec390000 - 0x00007fffec521000 	C:\Users\NangPro\.gradle\native\12488b8bf47d2d4c9fbf2f6322a914ad602e24e48041cd04a747c6da556b65c4\windows-amd64\native-platform-file-events.dll
0x00007ff80d100000 - 0x00007ff80d10a000 	D:\AndroidStudioAhii\jre\bin\management.dll
0x00007ff80b490000 - 0x00007ff80b49c000 	D:\AndroidStudioAhii\jre\bin\management_ext.dll
0x00007ff810b80000 - 0x00007ff810bb3000 	C:\Windows\system32\rsaenh.dll
0x00007ff8119a0000 - 0x00007ff8119c6000 	C:\Windows\System32\bcrypt.dll
0x00007ff811660000 - 0x00007ff811688000 	C:\Windows\SYSTEM32\USERENV.dll
0x00007ff811190000 - 0x00007ff81119c000 	C:\Windows\SYSTEM32\CRYPTBASE.dll
0x00007ff810d20000 - 0x00007ff810d5d000 	C:\Windows\SYSTEM32\IPHLPAPI.DLL
0x00007ff8154c0000 - 0x00007ff8154c8000 	C:\Windows\System32\NSI.dll
0x00007ff80ab20000 - 0x00007ff80ab36000 	C:\Windows\SYSTEM32\dhcpcsvc6.DLL
0x00007ff80ab00000 - 0x00007ff80ab1c000 	C:\Windows\SYSTEM32\dhcpcsvc.DLL
0x00007ff810d60000 - 0x00007ff810e26000 	C:\Windows\SYSTEM32\DNSAPI.dll
0x00007ff80ab60000 - 0x00007ff80ab6b000 	C:\Windows\SYSTEM32\WINNSI.DLL

dbghelp: loaded successfully - version: 4.0.5 - missing functions: none
symbol engine: initialized successfully - sym options: 0x614 - pdb path: .;D:\AndroidStudioAhii\jre\bin;C:\Windows\SYSTEM32;C:\Windows\WinSxS\amd64_microsoft.windows.common-controls_6595b64144ccf1df_6.0.17763.107_none_05b63884071e656e;D:\AndroidStudioAhii\jre\bin\server;C:\Users\NangPro\.gradle\native\fdc75f09e3144964f2cf3f50f0aa648679c211496f362492102eb8c894070792\windows-amd64;C:\Users\NangPro\.gradle\native\12488b8bf47d2d4c9fbf2f6322a914ad602e24e48041cd04a747c6da556b65c4\windows-amd64

VM Arguments:
jvm_args: --add-opens=java.base/java.util=ALL-UNNAMED --add-opens=java.base/java.lang=ALL-UNNAMED --add-opens=java.base/java.lang.invoke=ALL-UNNAMED --add-opens=java.prefs/java.util.prefs=ALL-UNNAMED -Xmx2048m -Dfile.encoding=UTF-8 -Duser.country=US -Duser.language=en -Duser.variant 
java_command: org.gradle.launcher.daemon.bootstrap.GradleDaemon 6.7.1
java_class_path (initial): C:\Users\NangPro\.gradle\wrapper\dists\gradle-6.7.1-bin\bwlcbys1h7rz3272sye1xwiv6\gradle-6.7.1\lib\gradle-launcher-6.7.1.jar
Launcher Type: SUN_STANDARD

[Global flags]
     intx CICompilerCount                          = 4                                         {product} {ergonomic}
     uint ConcGCThreads                            = 2                                         {product} {ergonomic}
     uint G1ConcRefinementThreads                  = 8                                         {product} {ergonomic}
   size_t G1HeapRegionSize                         = 1048576                                   {product} {ergonomic}
    uintx GCDrainStackTargetSize                   = 64                                        {product} {ergonomic}
   size_t InitialHeapSize                          = 201326592                                 {product} {ergonomic}
   size_t MarkStackSize                            = 4194304                                   {product} {ergonomic}
   size_t MaxHeapSize                              = 2147483648                                {product} {command line}
   size_t MaxNewSize                               = 1287651328                                {product} {ergonomic}
   size_t MinHeapDeltaBytes                        = 1048576                                   {product} {ergonomic}
    uintx NonNMethodCodeHeapSize                   = 5836300                                {pd product} {ergonomic}
    uintx NonProfiledCodeHeapSize                  = 122910970                              {pd product} {ergonomic}
    uintx ProfiledCodeHeapSize                     = 122910970                              {pd product} {ergonomic}
    uintx ReservedCodeCacheSize                    = 251658240                              {pd product} {ergonomic}
     bool SegmentedCodeCache                       = true                                      {product} {ergonomic}
     bool UseCompressedClassPointers               = true                                 {lp64_product} {ergonomic}
     bool UseCompressedOops                        = true                                 {lp64_product} {ergonomic}
     bool UseG1GC                                  = true                                      {product} {ergonomic}
     bool UseLargePagesIndividualAllocation        = false                                  {pd product} {ergonomic}

Logging:
Log output configuration:
 #0: stdout all=warning uptime,level,tags
 #1: stderr all=off uptime,level,tags

Environment Variables:
PATH=C:\Program Files (x86)\Common Files\Oracle\Java\javapath;C:\Program Files\Common Files\Oracle\Java\javapath;C:\Windows\system32;C:\Windows;C:\Windows\System32\Wbem;C:\Windows\System32\WindowsPowerShell\v1.0\;C:\Windows\System32\OpenSSH\;C:\TDM-GCC-64\bin;C:\Program Files\MongoDB\Server\4.4\bin;C:\Program Files\nodejs\;C:\ProgramData\chocolatey\bin;C:\Program Files\nodejs\node_modules\npm\bin;C:\Program Files\Git\cmd;C:\Program Files (x86)\GtkSharp\2.12\bin;E:\src\flutter\bin;C:\Windows\System32;C:\Users\NangPro\AppData\Local\Microsoft\WindowsApps;C:\Users\NangPro\AppData\Local\Programs\Microsoft VS Code\bin;C:\Program Files\JetBrains\IntelliJ IDEA Community Edition 2021.2.2\bin;;C:\Program Files\JetBrains\PyCharm Community Edition 2020.2\bin;;C:\Users\NangPro\AppData\Roaming\npm;C:\Program Files\heroku\bin;C:\Users\NangPro\AppData\Local\Android\Sdk\platform-tools;
USERNAME=NangPro
OS=Windows_NT
PROCESSOR_IDENTIFIER=Intel64 Family 6 Model 42 Stepping 7, GenuineIntel



---------------  S Y S T E M  ---------------

OS: Windows 10 , 64 bit Build 17763 (10.0.17763.1)
OS uptime: 0 days 4:21 hours

CPU:total 8 (initial active 8) (4 cores per cpu, 2 threads per core) family 6 model 42 stepping 7, cmov, cx8, fxsr, mmx, sse, sse2, sse3, ssse3, sse4.1, sse4.2, popcnt, avx, aes, clmul, ht, tsc, tscinvbit

Memory: 4k page, system-wide physical 12238M (3455M free)
TotalPageFile size 13213M (AvailPageFile size 5M)
current process WorkingSet (physical memory assigned to process): 269M, peak: 272M
current process commit charge ("private bytes"): 384M, peak: 387M

vm_info: OpenJDK 64-Bit Server VM (11.0.8+10-b944.6842174) for windows-amd64 JRE (11.0.8+10-b944.6842174), built on Sep 19 2020 01:11:42 by "builder" with MS VC++ 14.0 (VS2015)

END.
